This file contains any messages produced by compilers while
running configure, to aid debugging if configure makes a mistake.

It was created by ropp_fm configure 7.0, which was
generated by GNU Autoconf 2.63.  Invocation command line was

  $ ./configure --prefix=/home/mengbinzhu/pfldp/ropp-7.0/gfortran

## --------- ##
## Platform. ##
## --------- ##

hostname = ubuntu
uname -m = x86_64
uname -r = 3.13.0-40-generic
uname -s = Linux
uname -v = #69-Ubuntu SMP Thu Nov 13 17:53:56 UTC 2014

/usr/bin/uname -p = unknown
/bin/uname -X     = unknown

/bin/arch              = unknown
/usr/bin/arch -k       = unknown
/usr/convex/getsysinfo = unknown
/usr/bin/hostinfo      = unknown
/bin/machine           = unknown
/usr/bin/oslevel       = unknown
/bin/universe          = unknown

PATH: /opt/pgi/linux86-64/9.0-1/bin
PATH: /opt/intel/composer_xe_2011_sp1.7.256/bin/intel64
PATH: /usr/local/sbin
PATH: /usr/local/bin
PATH: /usr/sbin
PATH: /usr/bin
PATH: /sbin
PATH: /bin
PATH: /usr/games
PATH: /usr/local/games
PATH: /opt/intel/composer_xe_2011_sp1.7.256/mpirt/bin/intel64
PATH: /home/mengbinzhu/local/lapack-3.5.0/
PATH: /home/mengbinzhu/pfldp/ropp-7.0/gfortran/bin


## ----------- ##
## Core tests. ##
## ----------- ##

configure:1884: checking for a BSD-compatible install
configure:1952: result: /usr/bin/install -c
configure:1963: checking whether build environment is sane
configure:2023: result: yes
configure:2164: checking for a thread-safe mkdir -p
configure:2203: result: /bin/mkdir -p
configure:2216: checking for gawk
configure:2246: result: no
configure:2216: checking for mawk
configure:2232: found /usr/bin/mawk
configure:2243: result: mawk
configure:2254: checking whether make sets $(MAKE)
configure:2276: result: yes
configure:2365: checking build system type
configure:2383: result: x86_64-unknown-linux
configure:2405: checking host system type
configure:2420: result: x86_64-unknown-linux
configure:2552: checking for Fortran compiler version
configure:2560: gfortran --version >&5
GNU Fortran (Ubuntu 4.8.2-19ubuntu1) 4.8.2
Copyright (C) 2013 Free Software Foundation, Inc.

GNU Fortran comes with NO WARRANTY, to the extent permitted by law.
You may redistribute copies of GNU Fortran
under the terms of the GNU General Public License.
For more information about these matters, see the file named COPYING

configure:2564: $? = 0
configure:2571: gfortran -v >&5
Using built-in specs.
COLLECT_GCC=gfortran
COLLECT_LTO_WRAPPER=/usr/lib/gcc/x86_64-linux-gnu/4.8/lto-wrapper
Target: x86_64-linux-gnu
Configured with: ../src/configure -v --with-pkgversion='Ubuntu 4.8.2-19ubuntu1' --with-bugurl=file:///usr/share/doc/gcc-4.8/README.Bugs --enable-languages=c,c++,java,go,d,fortran,objc,obj-c++ --prefix=/usr --program-suffix=-4.8 --enable-shared --enable-linker-build-id --libexecdir=/usr/lib --without-included-gettext --enable-threads=posix --with-gxx-include-dir=/usr/include/c++/4.8 --libdir=/usr/lib --enable-nls --with-sysroot=/ --enable-clocale=gnu --enable-libstdcxx-debug --enable-libstdcxx-time=yes --enable-gnu-unique-object --disable-libmudflap --enable-plugin --with-system-zlib --disable-browser-plugin --enable-java-awt=gtk --enable-gtk-cairo --with-java-home=/usr/lib/jvm/java-1.5.0-gcj-4.8-amd64/jre --enable-java-home --with-jvm-root-dir=/usr/lib/jvm/java-1.5.0-gcj-4.8-amd64 --with-jvm-jar-dir=/usr/lib/jvm-exports/java-1.5.0-gcj-4.8-amd64 --with-arch-directory=amd64 --with-ecj-jar=/usr/share/java/eclipse-ecj.jar --enable-objc-gc --enable-multiarch --disable-werror --with-arch-32=i686 --with-abi=m64 --with-multilib-list=m32,m64,mx32 --with-tune=generic --enable-checking=release --build=x86_64-linux-gnu --host=x86_64-linux-gnu --target=x86_64-linux-gnu
Thread model: posix
gcc version 4.8.2 (Ubuntu 4.8.2-19ubuntu1) 
configure:2575: $? = 0
configure:2582: gfortran -V >&5
gfortran: error: unrecognized command line option '-V'
gfortran: fatal error: no input files
compilation terminated.
configure:2586: $? = 4
configure:2600: checking for Fortran compiler default output file name
configure:2622: gfortran -O2 -I/home/mengbinzhu/pfldp/ropp-7.0/gfortran/include -L/home/mengbinzhu/pfldp/ropp-7.0/gfortran/lib -L/home/mengbinzhu/pfldp/ropp-7.0/gfortran/lib64  conftest.f  >&5
configure:2626: $? = 0
configure:2664: result: a.out
configure:2683: checking whether the Fortran compiler works
configure:2693: ./a.out
configure:2697: $? = 0
configure:2716: result: yes
configure:2723: checking whether we are cross compiling
configure:2725: result: no
configure:2728: checking for suffix of executables
configure:2735: gfortran -o conftest -O2 -I/home/mengbinzhu/pfldp/ropp-7.0/gfortran/include -L/home/mengbinzhu/pfldp/ropp-7.0/gfortran/lib -L/home/mengbinzhu/pfldp/ropp-7.0/gfortran/lib64  conftest.f  >&5
configure:2739: $? = 0
configure:2765: result: 
configure:2771: checking for suffix of object files
configure:2787: gfortran -c -O2 -I/home/mengbinzhu/pfldp/ropp-7.0/gfortran/include  conftest.f >&5
configure:2791: $? = 0
configure:2816: result: o
configure:2824: checking whether we are using the GNU Fortran compiler
configure:2843: gfortran -c -O2 -I/home/mengbinzhu/pfldp/ropp-7.0/gfortran/include  conftest.F >&5
conftest.F:4:0: error: #endif without #if
 #endif
 ^
conftest.F:2.7:

      #ifndef 4                                                         
       1
Error: Invalid character in name at (1)
conftest.F:3.7:

       choke me                                                         
       1
Error: Unclassifiable statement at (1)
configure:2850: $? = 1
configure: failed program was:
|       program main
|       #ifndef __GNUC__
|        choke me
| #endif
| 
|       end program main
configure:2867: result: no
configure:2873: checking whether gfortran accepts -g
configure:2890: gfortran -c -g  conftest.f >&5
configure:2897: $? = 0
configure:2913: result: yes
configure:2937: checking for Fortran compiler vendor
configure:2973: result: GCC
configure:3020: checking for ranlib
configure:3036: found /usr/bin/ranlib
configure:3047: result: ranlib
configure:3071: checking for robodoc
configure:3104: result: no
configure:3111: checking for svn2cl
configure:3144: result: no
configure:3163: checking for Fortran flag to compile .f90 files
configure:3185: gfortran -c -O2 -I/home/mengbinzhu/pfldp/ropp-7.0/gfortran/include  conftest.f90 >&5
configure:3192: $? = 0
configure:3211: result: none
configure:3238: checking for Fortran flag needed to allow free-form source
configure:3263: gfortran -c -O2 -I/home/mengbinzhu/pfldp/ropp-7.0/gfortran/include  conftest.f90 >&5
configure:3270: $? = 0
configure:3289: result: none
configure:3470: checking whether compiler uses upper case module names
configure:3477: result: no
configure:3522: checking for Fortran whether backslash escapes
configure:3541: gfortran -c -O2 -I/home/mengbinzhu/pfldp/ropp-7.0/gfortran/include  conftest.f90 >&5
conftest.f90:4.6:

      string='\' '
      1
Error: Unclassifiable statement at (1)
configure:3548: $? = 1
configure: failed program was:
|       program backslash
|       character string*3
| 
|       string='\' '
|       end
| 
configure:3563: result: no
configure:3628: checking for Fortran module ropp_utils
configure:3644: gfortran -c -O2 -I/home/mengbinzhu/pfldp/ropp-7.0/gfortran/include  conftest.f90 >&5
configure:3651: $? = 0
configure:3666: result: yes
configure:3708: checking for Fortran module typesizes
configure:3724: gfortran -c -O2 -I/home/mengbinzhu/pfldp/ropp-7.0/gfortran/include  conftest.f90 >&5
configure:3731: $? = 0
configure:3746: result: yes
configure:3784: checking for Fortran module ropp_io
configure:3800: gfortran -c -O2 -I/home/mengbinzhu/pfldp/ropp-7.0/gfortran/include  conftest.f90 >&5
configure:3807: $? = 0
configure:3822: result: yes
configure:3877: checking for message of the ropp_utils library
configure:3893: gfortran -o conftest  -O2 -I/home/mengbinzhu/pfldp/ropp-7.0/gfortran/include -L/home/mengbinzhu/pfldp/ropp-7.0/gfortran/lib -L/home/mengbinzhu/pfldp/ropp-7.0/gfortran/lib64  conftest.f90 -lropp_utils  >&5
configure:3900: $? = 0
configure:3921: result: yes
configure:3944: checking for nf_inq_ncid of the hdf5 library
configure:3960: gfortran -o conftest  -O2 -I/home/mengbinzhu/pfldp/ropp-7.0/gfortran/include -L/home/mengbinzhu/pfldp/ropp-7.0/gfortran/lib -L/home/mengbinzhu/pfldp/ropp-7.0/gfortran/lib64  conftest.f90 -lnetcdff -lnetcdf -lhdf5hl_fortran -lhdf5_hl -lhdf5_fortran -lhdf5 -lz -lropp_utils  >&5
/tmp/ccy2xcPG.o: In function `main':
conftest.f90:(.text.startup+0x1b): undefined reference to `nf_inq_ncid_'
collect2: error: ld returned 1 exit status
configure:3967: $? = 1
configure: failed program was:
|       program main
|             call nf_inq_ncid
|       end program main
configure:3988: result: no
configure:4018: checking for nf_open of the netcdf library
configure:4034: gfortran -o conftest  -O2 -I/home/mengbinzhu/pfldp/ropp-7.0/gfortran/include -L/home/mengbinzhu/pfldp/ropp-7.0/gfortran/lib -L/home/mengbinzhu/pfldp/ropp-7.0/gfortran/lib64  conftest.f90 -lnetcdff -lnetcdf -lropp_utils  >&5
configure:4041: $? = 0
configure:4062: result: yes
configure:4153: checking for is_netcdf of the ncdf library
configure:4169: gfortran -o conftest  -O2 -I/home/mengbinzhu/pfldp/ropp-7.0/gfortran/include -L/home/mengbinzhu/pfldp/ropp-7.0/gfortran/lib -L/home/mengbinzhu/pfldp/ropp-7.0/gfortran/lib64  conftest.f90 -lncdf -lnetcdff -lnetcdf -lropp_utils  >&5
/usr/bin/ld: cannot find -lncdf
collect2: error: ld returned 1 exit status
configure:4176: $? = 1
configure: failed program was:
|       program main
|             call is_netcdf
|       end program main
configure:4197: result: no
configure:4227: checking for is_netcdf of the ropp_io library
configure:4243: gfortran -o conftest  -O2 -I/home/mengbinzhu/pfldp/ropp-7.0/gfortran/include -L/home/mengbinzhu/pfldp/ropp-7.0/gfortran/lib -L/home/mengbinzhu/pfldp/ropp-7.0/gfortran/lib64  conftest.f90 -lropp_io -lnetcdff -lnetcdf -lropp_utils  >&5
configure:4250: $? = 0
configure:4271: result: yes
configure:4292: checking for ropp_io_init_l1atype of the ropp_io library
configure:4336: result: yes
configure:4668: creating ./config.status

## ---------------------- ##
## Running config.status. ##
## ---------------------- ##

This file was extended by ropp_fm config.status 7.0, which was
generated by GNU Autoconf 2.63.  Invocation command line was

  CONFIG_FILES    = 
  CONFIG_HEADERS  = 
  CONFIG_LINKS    = 
  CONFIG_COMMANDS = 
  $ ./config.status 

on ubuntu

config.status:720: creating Makefile
config.status:720: creating data/Makefile
config.status:720: creating doc/Makefile
config.status:720: creating common/Makefile
config.status:720: creating model_ecmwf/Makefile
config.status:720: creating model_meto/Makefile
config.status:720: creating bangle_1d/Makefile
config.status:720: creating bangle_2d/Makefile
config.status:720: creating refrac_1d/Makefile
config.status:720: creating math/Makefile
config.status:720: creating math/matrix/Makefile
config.status:720: creating build/Makefile
config.status:720: creating tools/Makefile
config.status:720: creating tests/Makefile

## ---------------- ##
## Cache variables. ##
## ---------------- ##

ac_cv_build=x86_64-unknown-linux
ac_cv_env_FCFLAGS_set=set
ac_cv_env_FCFLAGS_value='-O2 -I/home/mengbinzhu/pfldp/ropp-7.0/gfortran/include'
ac_cv_env_FC_set=set
ac_cv_env_FC_value=gfortran
ac_cv_env_LDFLAGS_set=set
ac_cv_env_LDFLAGS_value='-L/home/mengbinzhu/pfldp/ropp-7.0/gfortran/lib -L/home/mengbinzhu/pfldp/ropp-7.0/gfortran/lib64'
ac_cv_env_LIBS_set=
ac_cv_env_LIBS_value=
ac_cv_env_build_alias_set=
ac_cv_env_build_alias_value=
ac_cv_env_host_alias_set=
ac_cv_env_host_alias_value=
ac_cv_env_target_alias_set=
ac_cv_env_target_alias_value=
ac_cv_fc_backslash_escape=no
ac_cv_fc_compiler_gnu=no
ac_cv_fc_freeform=none
ac_cv_fc_srcext_f90=none
ac_cv_host=x86_64-unknown-linux
ac_cv_lib_ropp_utils_message=yes
ac_cv_objext=o
ac_cv_path_install='/usr/bin/install -c'
ac_cv_path_mkdir=/bin/mkdir
ac_cv_prog_AWK=mawk
ac_cv_prog_ac_ct_RANLIB=ranlib
ac_cv_prog_fc_g=yes
ac_cv_prog_make_make_set=yes
ac_cv_uc_modnames=no

## ----------------- ##
## Output variables. ##
## ----------------- ##

ACLOCAL='${SHELL} /home/mengbinzhu/pfldp/ropp-7.0/ropp_fm/missing --run aclocal-1.11'
AMTAR='${SHELL} /home/mengbinzhu/pfldp/ropp-7.0/ropp_fm/missing --run tar'
AM_CCFLAGS=''
AM_CPPFLAGS='-DpgiFortran'
AM_FCFLAGS=' -I../build'
AM_FFLAGS=''
AM_LDFLAGS=''
AUTOCONF='${SHELL} /home/mengbinzhu/pfldp/ropp-7.0/ropp_fm/missing --run autoconf'
AUTOHEADER='${SHELL} /home/mengbinzhu/pfldp/ropp-7.0/ropp_fm/missing --run autoheader'
AUTOMAKE='${SHELL} /home/mengbinzhu/pfldp/ropp-7.0/ropp_fm/missing --run automake-1.11'
AWK='mawk'
CM_FC_UC_MODNAMES_FALSE=''
CM_FC_UC_MODNAMES_TRUE='#'
CM_NATIVE_AIX_FALSE=''
CM_NATIVE_AIX_TRUE='#'
CM_NATIVE_HPUX_FALSE=''
CM_NATIVE_HPUX_TRUE='#'
CYGPATH_W='echo'
DEFS='-DPACKAGE_NAME=\"ropp_fm\" -DPACKAGE_TARNAME=\"ropp_fm\" -DPACKAGE_VERSION=\"7.0\" -DPACKAGE_STRING=\"ropp_fm\ 7.0\" -DPACKAGE_BUGREPORT=\"romsaf@metoffice.gov.uk\" -DPACKAGE=\"ropp_fm\" -DVERSION=\"7.0\" -DHAVE_MODULE_ROPP_UTILS=1 -DHAVE_MODULE_TYPESIZES=1 -DHAVE_MODULE_ROPP_IO=1 -DHAVE_LIBRARY_NETCDF=1 -DHAVE_LIBRARY_ROPP_IO=1 -DHAVE_LIBRARY_ROPP_IO=1'
ECHO_C=''
ECHO_N='-n'
ECHO_T=''
EXEEXT=''
FC='gfortran'
FCFLAGS='-O2 -I/home/mengbinzhu/pfldp/ropp-7.0/gfortran/include'
FCFLAGS_f90=''
FC_BACKSLASH_ESCAPE_FALSE=''
FC_BACKSLASH_ESCAPE_TRUE='#'
FC_IS_NAG_FALSE=''
FC_IS_NAG_TRUE='#'
HAVE_HDF5_FALSE=''
HAVE_HDF5_TRUE='#'
HAVE_NCDF_FALSE=''
HAVE_NCDF_TRUE='#'
HAVE_ROPP_IO_FALSE='#'
HAVE_ROPP_IO_TRUE=''
HAVE_ROPP_UTILS_FALSE='#'
HAVE_ROPP_UTILS_TRUE=''
INSTALL_DATA='${INSTALL} -m 644'
INSTALL_PROGRAM='${INSTALL}'
INSTALL_SCRIPT='${INSTALL}'
INSTALL_STRIP_PROGRAM='$(install_sh) -c -s'
LDFLAGS='-L/home/mengbinzhu/pfldp/ropp-7.0/gfortran/lib -L/home/mengbinzhu/pfldp/ropp-7.0/gfortran/lib64'
LIBOBJS=''
LIBS='-lropp_io -lropp_io -lnetcdff -lnetcdf -lropp_utils '
LTLIBOBJS=''
M4_OPTS=''
MAKEINFO='${SHELL} /home/mengbinzhu/pfldp/ropp-7.0/ropp_fm/missing --run makeinfo'
MKDIR_P='/bin/mkdir -p'
NO_TYPESIZES_FALSE=''
NO_TYPESIZES_TRUE='#'
OBJEXT='o'
PACKAGE='ropp_fm'
PACKAGE_BUGREPORT='romsaf@metoffice.gov.uk'
PACKAGE_NAME='ropp_fm'
PACKAGE_STRING='ropp_fm 7.0'
PACKAGE_TARNAME='ropp_fm'
PACKAGE_VERSION='7.0'
PATH_SEPARATOR=':'
RANLIB='ranlib'
ROBODOC=''
SET_MAKE=''
SHELL='/bin/bash'
STRIP=''
SVN2CL=''
VERSION='7.0'
ac_ct_FC=''
am__EXEEXT_FALSE=''
am__EXEEXT_TRUE='#'
am__isrc=''
am__leading_dot='.'
am__tar='${AMTAR} chof - "$$tardir"'
am__untar='${AMTAR} xf -'
bindir='${exec_prefix}/bin'
build='x86_64-unknown-linux'
build_alias=''
build_cpu='x86_64'
build_os='linux'
build_vendor='unknown'
datadir='${datarootdir}'
datarootdir='${prefix}/share'
docdir='${datarootdir}/doc/${PACKAGE_TARNAME}'
dvidir='${docdir}'
exec_prefix='${prefix}'
host='x86_64-unknown-linux'
host_alias=''
host_cpu='x86_64'
host_os='linux'
host_vendor='unknown'
htmldir='${docdir}'
includedir='${prefix}/include'
infodir='${datarootdir}/info'
install_sh='${SHELL} /home/mengbinzhu/pfldp/ropp-7.0/ropp_fm/install-sh'
libdir='${exec_prefix}/lib'
libexecdir='${exec_prefix}/libexec'
localedir='${datarootdir}/locale'
localstatedir='${prefix}/var'
mandir='${datarootdir}/man'
mkdir_p='/bin/mkdir -p'
oldincludedir='/usr/include'
pdfdir='${docdir}'
prefix='/home/mengbinzhu/pfldp/ropp-7.0/gfortran'
program_transform_name='s,x,x,'
psdir='${docdir}'
sbindir='${exec_prefix}/sbin'
sharedstatedir='${prefix}/com'
sysconfdir='${prefix}/etc'
target_alias=''

## ----------- ##
## confdefs.h. ##
## ----------- ##

#define PACKAGE_NAME "ropp_fm"
#define PACKAGE_TARNAME "ropp_fm"
#define PACKAGE_VERSION "7.0"
#define PACKAGE_STRING "ropp_fm 7.0"
#define PACKAGE_BUGREPORT "romsaf@metoffice.gov.uk"
#define PACKAGE "ropp_fm"
#define VERSION "7.0"
#define HAVE_MODULE_ROPP_UTILS 1
#define HAVE_MODULE_TYPESIZES 1
#define HAVE_MODULE_ROPP_IO 1
#define HAVE_LIBRARY_NETCDF 1
#define HAVE_LIBRARY_ROPP_IO 1
#define HAVE_LIBRARY_ROPP_IO 1

configure: exit 0
