This file contains any messages produced by compilers while
running configure, to aid debugging if configure makes a mistake.

It was created by ropp_pp configure 7.0, which was
generated by GNU Autoconf 2.63.  Invocation command line was

  $ ./configure --prefix=/home/mengbinzhu/pfldp/ropp-7.0/gfortran

## --------- ##
## Platform. ##
## --------- ##

hostname = ubuntu
uname -m = x86_64
uname -r = 3.13.0-40-generic
uname -s = Linux
uname -v = #69-Ubuntu SMP Thu Nov 13 17:53:56 UTC 2014

/usr/bin/uname -p = unknown
/bin/uname -X     = unknown

/bin/arch              = unknown
/usr/bin/arch -k       = unknown
/usr/convex/getsysinfo = unknown
/usr/bin/hostinfo      = unknown
/bin/machine           = unknown
/usr/bin/oslevel       = unknown
/bin/universe          = unknown

PATH: /opt/pgi/linux86-64/9.0-1/bin
PATH: /opt/intel/composer_xe_2011_sp1.7.256/bin/intel64
PATH: /usr/local/sbin
PATH: /usr/local/bin
PATH: /usr/sbin
PATH: /usr/bin
PATH: /sbin
PATH: /bin
PATH: /usr/games
PATH: /usr/local/games
PATH: /opt/intel/composer_xe_2011_sp1.7.256/mpirt/bin/intel64
PATH: /home/mengbinzhu/local/lapack-3.5.0/
PATH: /home/mengbinzhu/pfldp/ropp-7.0/gfortran/bin


## ----------- ##
## Core tests. ##
## ----------- ##

configure:1904: checking for a BSD-compatible install
configure:1972: result: /usr/bin/install -c
configure:1983: checking whether build environment is sane
configure:2043: result: yes
configure:2184: checking for a thread-safe mkdir -p
configure:2223: result: /bin/mkdir -p
configure:2236: checking for gawk
configure:2266: result: no
configure:2236: checking for mawk
configure:2252: found /usr/bin/mawk
configure:2263: result: mawk
configure:2274: checking whether make sets $(MAKE)
configure:2296: result: yes
configure:2385: checking build system type
configure:2403: result: x86_64-unknown-linux
configure:2425: checking host system type
configure:2440: result: x86_64-unknown-linux
configure:2514: checking for gcc
configure:2541: result: gcc
configure:2773: checking for C compiler version
configure:2781: gcc --version >&5
gcc (Ubuntu 4.8.2-19ubuntu1) 4.8.2
Copyright (C) 2013 Free Software Foundation, Inc.
This is free software; see the source for copying conditions.  There is NO
warranty; not even for MERCHANTABILITY or FITNESS FOR A PARTICULAR PURPOSE.

configure:2785: $? = 0
configure:2792: gcc -v >&5
Using built-in specs.
COLLECT_GCC=gcc
COLLECT_LTO_WRAPPER=/usr/lib/gcc/x86_64-linux-gnu/4.8/lto-wrapper
Target: x86_64-linux-gnu
Configured with: ../src/configure -v --with-pkgversion='Ubuntu 4.8.2-19ubuntu1' --with-bugurl=file:///usr/share/doc/gcc-4.8/README.Bugs --enable-languages=c,c++,java,go,d,fortran,objc,obj-c++ --prefix=/usr --program-suffix=-4.8 --enable-shared --enable-linker-build-id --libexecdir=/usr/lib --without-included-gettext --enable-threads=posix --with-gxx-include-dir=/usr/include/c++/4.8 --libdir=/usr/lib --enable-nls --with-sysroot=/ --enable-clocale=gnu --enable-libstdcxx-debug --enable-libstdcxx-time=yes --enable-gnu-unique-object --disable-libmudflap --enable-plugin --with-system-zlib --disable-browser-plugin --enable-java-awt=gtk --enable-gtk-cairo --with-java-home=/usr/lib/jvm/java-1.5.0-gcj-4.8-amd64/jre --enable-java-home --with-jvm-root-dir=/usr/lib/jvm/java-1.5.0-gcj-4.8-amd64 --with-jvm-jar-dir=/usr/lib/jvm-exports/java-1.5.0-gcj-4.8-amd64 --with-arch-directory=amd64 --with-ecj-jar=/usr/share/java/eclipse-ecj.jar --enable-objc-gc --enable-multiarch --disable-werror --with-arch-32=i686 --with-abi=m64 --with-multilib-list=m32,m64,mx32 --with-tune=generic --enable-checking=release --build=x86_64-linux-gnu --host=x86_64-linux-gnu --target=x86_64-linux-gnu
Thread model: posix
gcc version 4.8.2 (Ubuntu 4.8.2-19ubuntu1) 
configure:2796: $? = 0
configure:2803: gcc -V >&5
gcc: error: unrecognized command line option '-V'
gcc: fatal error: no input files
compilation terminated.
configure:2807: $? = 4
configure:2830: checking for C compiler default output file name
configure:2852: gcc   -L/home/mengbinzhu/pfldp/ropp-7.0/gfortran/lib -L/home/mengbinzhu/pfldp/ropp-7.0/gfortran/lib64 conftest.c  >&5
configure:2856: $? = 0
configure:2894: result: a.out
configure:2913: checking whether the C compiler works
configure:2923: ./a.out
configure:2927: $? = 0
configure:2946: result: yes
configure:2953: checking whether we are cross compiling
configure:2955: result: no
configure:2958: checking for suffix of executables
configure:2965: gcc -o conftest   -L/home/mengbinzhu/pfldp/ropp-7.0/gfortran/lib -L/home/mengbinzhu/pfldp/ropp-7.0/gfortran/lib64 conftest.c  >&5
configure:2969: $? = 0
configure:2995: result: 
configure:3001: checking for suffix of object files
configure:3027: gcc -c   conftest.c >&5
configure:3031: $? = 0
configure:3056: result: o
configure:3060: checking whether we are using the GNU C compiler
configure:3089: gcc -c   conftest.c >&5
configure:3096: $? = 0
configure:3113: result: yes
configure:3122: checking whether gcc accepts -g
configure:3152: gcc -c -g  conftest.c >&5
configure:3159: $? = 0
configure:3260: result: yes
configure:3277: checking for gcc option to accept ISO C89
configure:3351: gcc  -c -g -O2  conftest.c >&5
configure:3358: $? = 0
configure:3381: result: none needed
configure:3401: checking for gcc option to accept ISO C99
configure:3560: gcc  -c -g -O2  conftest.c >&5
conftest.c:60:29: error: expected ';', ',' or ')' before 'text'
 test_restrict (ccp restrict text)
                             ^
conftest.c: In function 'main':
conftest.c:114:18: error: expected '=', ',', ';', 'asm' or '__attribute__' before 'newvar'
   char *restrict newvar = "Another string";
                  ^
conftest.c:114:18: error: 'newvar' undeclared (first use in this function)
conftest.c:114:18: note: each undeclared identifier is reported only once for each function it appears in
conftest.c:124:3: error: 'for' loop initial declarations are only allowed in C99 mode
   for (int i = 0; i < ia->datasize; ++i)
   ^
conftest.c:124:3: note: use option -std=c99 or -std=gnu99 to compile your code
configure:3567: $? = 1
configure: failed program was:
| /* confdefs.h.  */
| #define PACKAGE_NAME "ropp_pp"
| #define PACKAGE_TARNAME "ropp_pp"
| #define PACKAGE_VERSION "7.0"
| #define PACKAGE_STRING "ropp_pp 7.0"
| #define PACKAGE_BUGREPORT "romsaf@metoffice.gov.uk"
| #define PACKAGE "ropp_pp"
| #define VERSION "7.0"
| /* end confdefs.h.  */
| #include <stdarg.h>
| #include <stdbool.h>
| #include <stdlib.h>
| #include <wchar.h>
| #include <stdio.h>
| 
| // Check varargs macros.  These examples are taken from C99 6.10.3.5.
| #define debug(...) fprintf (stderr, __VA_ARGS__)
| #define showlist(...) puts (#__VA_ARGS__)
| #define report(test,...) ((test) ? puts (#test) : printf (__VA_ARGS__))
| static void
| test_varargs_macros (void)
| {
|   int x = 1234;
|   int y = 5678;
|   debug ("Flag");
|   debug ("X = %d\n", x);
|   showlist (The first, second, and third items.);
|   report (x>y, "x is %d but y is %d", x, y);
| }
| 
| // Check long long types.
| #define BIG64 18446744073709551615ull
| #define BIG32 4294967295ul
| #define BIG_OK (BIG64 / BIG32 == 4294967297ull && BIG64 % BIG32 == 0)
| #if !BIG_OK
|   your preprocessor is broken;
| #endif
| #if BIG_OK
| #else
|   your preprocessor is broken;
| #endif
| static long long int bignum = -9223372036854775807LL;
| static unsigned long long int ubignum = BIG64;
| 
| struct incomplete_array
| {
|   int datasize;
|   double data[];
| };
| 
| struct named_init {
|   int number;
|   const wchar_t *name;
|   double average;
| };
| 
| typedef const char *ccp;
| 
| static inline int
| test_restrict (ccp restrict text)
| {
|   // See if C++-style comments work.
|   // Iterate through items via the restricted pointer.
|   // Also check for declarations in for loops.
|   for (unsigned int i = 0; *(text+i) != '\0'; ++i)
|     continue;
|   return 0;
| }
| 
| // Check varargs and va_copy.
| static void
| test_varargs (const char *format, ...)
| {
|   va_list args;
|   va_start (args, format);
|   va_list args_copy;
|   va_copy (args_copy, args);
| 
|   const char *str;
|   int number;
|   float fnumber;
| 
|   while (*format)
|     {
|       switch (*format++)
| 	{
| 	case 's': // string
| 	  str = va_arg (args_copy, const char *);
| 	  break;
| 	case 'd': // int
| 	  number = va_arg (args_copy, int);
| 	  break;
| 	case 'f': // float
| 	  fnumber = va_arg (args_copy, double);
| 	  break;
| 	default:
| 	  break;
| 	}
|     }
|   va_end (args_copy);
|   va_end (args);
| }
| 
| int
| main ()
| {
| 
|   // Check bool.
|   _Bool success = false;
| 
|   // Check restrict.
|   if (test_restrict ("String literal") == 0)
|     success = true;
|   char *restrict newvar = "Another string";
| 
|   // Check varargs.
|   test_varargs ("s, d' f .", "string", 65, 34.234);
|   test_varargs_macros ();
| 
|   // Check flexible array members.
|   struct incomplete_array *ia =
|     malloc (sizeof (struct incomplete_array) + (sizeof (double) * 10));
|   ia->datasize = 10;
|   for (int i = 0; i < ia->datasize; ++i)
|     ia->data[i] = i * 1.234;
| 
|   // Check named initializers.
|   struct named_init ni = {
|     .number = 34,
|     .name = L"Test wide string",
|     .average = 543.34343,
|   };
| 
|   ni.number = 58;
| 
|   int dynamic_array[ni.number];
|   dynamic_array[ni.number - 1] = 543;
| 
|   // work around unused variable warnings
|   return (!success || bignum == 0LL || ubignum == 0uLL || newvar[0] == 'x'
| 	  || dynamic_array[ni.number - 1] != 543);
| 
|   ;
|   return 0;
| }
configure:3560: gcc -std=gnu99 -c -g -O2  conftest.c >&5
configure:3567: $? = 0
configure:3597: result: -std=gnu99
configure:3728: checking for gcc -std=gnu99 option to accept ISO Standard C
configure:3739: result: -std=gnu99
configure:3745: checking whether gcc -std=gnu99 and cc understand -c and -o together
configure:3780: gcc -std=gnu99 -c conftest.c -o conftest2.o >&5
configure:3784: $? = 0
configure:3790: gcc -std=gnu99 -c conftest.c -o conftest2.o >&5
configure:3794: $? = 0
configure:3805: cc -c conftest.c >&5
configure:3809: $? = 0
configure:3817: cc -c conftest.c -o conftest2.o >&5
configure:3821: $? = 0
configure:3827: cc -c conftest.c -o conftest2.o >&5
configure:3831: $? = 0
configure:3849: result: yes
configure:3876: checking for C compiler vendor
configure:3912: result: GCC
configure:4022: checking for Fortran compiler version
configure:4030: gfortran --version >&5
GNU Fortran (Ubuntu 4.8.2-19ubuntu1) 4.8.2
Copyright (C) 2013 Free Software Foundation, Inc.

GNU Fortran comes with NO WARRANTY, to the extent permitted by law.
You may redistribute copies of GNU Fortran
under the terms of the GNU General Public License.
For more information about these matters, see the file named COPYING

configure:4034: $? = 0
configure:4041: gfortran -v >&5
Using built-in specs.
COLLECT_GCC=gfortran
COLLECT_LTO_WRAPPER=/usr/lib/gcc/x86_64-linux-gnu/4.8/lto-wrapper
Target: x86_64-linux-gnu
Configured with: ../src/configure -v --with-pkgversion='Ubuntu 4.8.2-19ubuntu1' --with-bugurl=file:///usr/share/doc/gcc-4.8/README.Bugs --enable-languages=c,c++,java,go,d,fortran,objc,obj-c++ --prefix=/usr --program-suffix=-4.8 --enable-shared --enable-linker-build-id --libexecdir=/usr/lib --without-included-gettext --enable-threads=posix --with-gxx-include-dir=/usr/include/c++/4.8 --libdir=/usr/lib --enable-nls --with-sysroot=/ --enable-clocale=gnu --enable-libstdcxx-debug --enable-libstdcxx-time=yes --enable-gnu-unique-object --disable-libmudflap --enable-plugin --with-system-zlib --disable-browser-plugin --enable-java-awt=gtk --enable-gtk-cairo --with-java-home=/usr/lib/jvm/java-1.5.0-gcj-4.8-amd64/jre --enable-java-home --with-jvm-root-dir=/usr/lib/jvm/java-1.5.0-gcj-4.8-amd64 --with-jvm-jar-dir=/usr/lib/jvm-exports/java-1.5.0-gcj-4.8-amd64 --with-arch-directory=amd64 --with-ecj-jar=/usr/share/java/eclipse-ecj.jar --enable-objc-gc --enable-multiarch --disable-werror --with-arch-32=i686 --with-abi=m64 --with-multilib-list=m32,m64,mx32 --with-tune=generic --enable-checking=release --build=x86_64-linux-gnu --host=x86_64-linux-gnu --target=x86_64-linux-gnu
Thread model: posix
gcc version 4.8.2 (Ubuntu 4.8.2-19ubuntu1) 
configure:4045: $? = 0
configure:4052: gfortran -V >&5
gfortran: error: unrecognized command line option '-V'
gfortran: fatal error: no input files
compilation terminated.
configure:4056: $? = 4
configure:4064: checking whether we are using the GNU Fortran compiler
configure:4083: gfortran -c -O2 -I/home/mengbinzhu/pfldp/ropp-7.0/gfortran/include  conftest.F >&5
conftest.F:4:0: error: #endif without #if
 #endif
 ^
conftest.F:2.7:

      #ifndef 4                                                         
       1
Error: Invalid character in name at (1)
conftest.F:3.7:

       choke me                                                         
       1
Error: Unclassifiable statement at (1)
configure:4090: $? = 1
configure: failed program was:
|       program main
|       #ifndef __GNUC__
|        choke me
| #endif
| 
|       end program main
configure:4107: result: no
configure:4113: checking whether gfortran accepts -g
configure:4130: gfortran -c -g  conftest.f >&5
configure:4137: $? = 0
configure:4153: result: yes
configure:4177: checking for Fortran compiler vendor
configure:4213: result: GCC
configure:4260: checking for ranlib
configure:4276: found /usr/bin/ranlib
configure:4287: result: ranlib
configure:4311: checking for robodoc
configure:4344: result: no
configure:4351: checking for svn2cl
configure:4384: result: no
configure:4400: checking for an ANSI C-conforming const
configure:4475: gcc -std=gnu99 -c -g -O2  conftest.c >&5
configure:4482: $? = 0
configure:4497: result: yes
configure:4518: checking for Fortran flag to compile .f90 files
configure:4540: gfortran -c -O2 -I/home/mengbinzhu/pfldp/ropp-7.0/gfortran/include  conftest.f90 >&5
configure:4547: $? = 0
configure:4566: result: none
configure:4593: checking for Fortran flag needed to allow free-form source
configure:4618: gfortran -c -O2 -I/home/mengbinzhu/pfldp/ropp-7.0/gfortran/include  conftest.f90 >&5
configure:4625: $? = 0
configure:4644: result: none
configure:4825: checking whether compiler uses upper case module names
configure:4832: result: no
configure:4877: checking for Fortran whether backslash escapes
configure:4896: gfortran -c -O2 -I/home/mengbinzhu/pfldp/ropp-7.0/gfortran/include  conftest.f90 >&5
conftest.f90:4.6:

      string='\' '
      1
Error: Unclassifiable statement at (1)
configure:4903: $? = 1
configure: failed program was:
|       program backslash
|       character string*3
| 
|       string='\' '
|       end
| 
configure:4918: result: no
configure:4984: checking how to run the C preprocessor
configure:5024: gcc -std=gnu99 -E  conftest.c
configure:5031: $? = 0
configure:5062: gcc -std=gnu99 -E  conftest.c
conftest.c:10:28: fatal error: ac_nonexistent.h: No such file or directory
 #include <ac_nonexistent.h>
                            ^
compilation terminated.
configure:5069: $? = 1
configure: failed program was:
| /* confdefs.h.  */
| #define PACKAGE_NAME "ropp_pp"
| #define PACKAGE_TARNAME "ropp_pp"
| #define PACKAGE_VERSION "7.0"
| #define PACKAGE_STRING "ropp_pp 7.0"
| #define PACKAGE_BUGREPORT "romsaf@metoffice.gov.uk"
| #define PACKAGE "ropp_pp"
| #define VERSION "7.0"
| /* end confdefs.h.  */
| #include <ac_nonexistent.h>
configure:5102: result: gcc -std=gnu99 -E
configure:5131: gcc -std=gnu99 -E  conftest.c
configure:5138: $? = 0
configure:5169: gcc -std=gnu99 -E  conftest.c
conftest.c:10:28: fatal error: ac_nonexistent.h: No such file or directory
 #include <ac_nonexistent.h>
                            ^
compilation terminated.
configure:5176: $? = 1
configure: failed program was:
| /* confdefs.h.  */
| #define PACKAGE_NAME "ropp_pp"
| #define PACKAGE_TARNAME "ropp_pp"
| #define PACKAGE_VERSION "7.0"
| #define PACKAGE_STRING "ropp_pp 7.0"
| #define PACKAGE_BUGREPORT "romsaf@metoffice.gov.uk"
| #define PACKAGE "ropp_pp"
| #define VERSION "7.0"
| /* end confdefs.h.  */
| #include <ac_nonexistent.h>
configure:5216: checking for grep that handles long lines and -e
configure:5276: result: /bin/grep
configure:5281: checking for egrep
configure:5345: result: /bin/grep -E
configure:5350: checking for ANSI C header files
configure:5380: gcc -std=gnu99 -c -g -O2  conftest.c >&5
configure:5387: $? = 0
configure:5486: gcc -std=gnu99 -o conftest -g -O2  -L/home/mengbinzhu/pfldp/ropp-7.0/gfortran/lib -L/home/mengbinzhu/pfldp/ropp-7.0/gfortran/lib64 conftest.c  >&5
configure:5490: $? = 0
configure:5496: ./conftest
configure:5500: $? = 0
configure:5518: result: yes
configure:5539: checking for Fortran module ropp_utils
configure:5555: gfortran -c -O2 -I/home/mengbinzhu/pfldp/ropp-7.0/gfortran/include  conftest.f90 >&5
configure:5562: $? = 0
configure:5577: result: yes
configure:5619: checking for Fortran module typesizes
configure:5635: gfortran -c -O2 -I/home/mengbinzhu/pfldp/ropp-7.0/gfortran/include  conftest.f90 >&5
configure:5642: $? = 0
configure:5657: result: yes
configure:5695: checking for Fortran module ropp_io
configure:5711: gfortran -c -O2 -I/home/mengbinzhu/pfldp/ropp-7.0/gfortran/include  conftest.f90 >&5
configure:5718: $? = 0
configure:5733: result: yes
configure:5788: checking for message of the ropp_utils library
configure:5804: gfortran -o conftest  -O2 -I/home/mengbinzhu/pfldp/ropp-7.0/gfortran/include -L/home/mengbinzhu/pfldp/ropp-7.0/gfortran/lib -L/home/mengbinzhu/pfldp/ropp-7.0/gfortran/lib64  conftest.f90 -lropp_utils  >&5
configure:5811: $? = 0
configure:5832: result: yes
configure:5855: checking for nf_inq_ncid of the hdf5 library
configure:5871: gfortran -o conftest  -O2 -I/home/mengbinzhu/pfldp/ropp-7.0/gfortran/include -L/home/mengbinzhu/pfldp/ropp-7.0/gfortran/lib -L/home/mengbinzhu/pfldp/ropp-7.0/gfortran/lib64  conftest.f90 -lnetcdff -lnetcdf -lhdf5hl_fortran -lhdf5_hl -lhdf5_fortran -lhdf5 -lz -lropp_utils  >&5
/tmp/ccAa2Hma.o: In function `main':
conftest.f90:(.text.startup+0x1b): undefined reference to `nf_inq_ncid_'
collect2: error: ld returned 1 exit status
configure:5878: $? = 1
configure: failed program was:
|       program main
|             call nf_inq_ncid
|       end program main
configure:5899: result: no
configure:5929: checking for nf_open of the netcdf library
configure:5945: gfortran -o conftest  -O2 -I/home/mengbinzhu/pfldp/ropp-7.0/gfortran/include -L/home/mengbinzhu/pfldp/ropp-7.0/gfortran/lib -L/home/mengbinzhu/pfldp/ropp-7.0/gfortran/lib64  conftest.f90 -lnetcdff -lnetcdf -lropp_utils  >&5
configure:5952: $? = 0
configure:5973: result: yes
configure:6064: checking for is_netcdf of the ncdf library
configure:6080: gfortran -o conftest  -O2 -I/home/mengbinzhu/pfldp/ropp-7.0/gfortran/include -L/home/mengbinzhu/pfldp/ropp-7.0/gfortran/lib -L/home/mengbinzhu/pfldp/ropp-7.0/gfortran/lib64  conftest.f90 -lncdf -lnetcdff -lnetcdf -lropp_utils  >&5
/usr/bin/ld: cannot find -lncdf
collect2: error: ld returned 1 exit status
configure:6087: $? = 1
configure: failed program was:
|       program main
|             call is_netcdf
|       end program main
configure:6108: result: no
configure:6138: checking for is_netcdf of the ropp_io library
configure:6154: gfortran -o conftest  -O2 -I/home/mengbinzhu/pfldp/ropp-7.0/gfortran/include -L/home/mengbinzhu/pfldp/ropp-7.0/gfortran/lib -L/home/mengbinzhu/pfldp/ropp-7.0/gfortran/lib64  conftest.f90 -lropp_io -lnetcdff -lnetcdf -lropp_utils  >&5
configure:6161: $? = 0
configure:6182: result: yes
configure:6203: checking for ropp_io_init_l1atype of the ropp_io library
configure:6247: result: yes
configure:6345: checking for nf_open of the netcdf library
configure:6389: result: yes
configure:6437: checking for is_netcdf of the ropp_io library
configure:6481: result: yes
configure:6780: creating ./config.status

## ---------------------- ##
## Running config.status. ##
## ---------------------- ##

This file was extended by ropp_pp config.status 7.0, which was
generated by GNU Autoconf 2.63.  Invocation command line was

  CONFIG_FILES    = 
  CONFIG_HEADERS  = 
  CONFIG_LINKS    = 
  CONFIG_COMMANDS = 
  $ ./config.status 

on ubuntu

config.status:731: creating Makefile
config.status:731: creating abel_invert/Makefile
config.status:731: creating bangle/Makefile
config.status:731: creating build/Makefile
config.status:731: creating common/Makefile
config.status:731: creating config/Makefile
config.status:731: creating data/Makefile
config.status:731: creating doc/Makefile
config.status:731: creating icorr/Makefile
config.status:731: creating msis_bangle/Makefile
config.status:731: creating preprocess/Makefile
config.status:731: creating tph/Makefile
config.status:731: creating tests/Makefile
config.status:731: creating tools/Makefile

## ---------------- ##
## Cache variables. ##
## ---------------- ##

ac_cv_build=x86_64-unknown-linux
ac_cv_c_compiler_gnu=yes
ac_cv_c_const=yes
ac_cv_env_CC_set=set
ac_cv_env_CC_value=gcc
ac_cv_env_CFLAGS_set=
ac_cv_env_CFLAGS_value=
ac_cv_env_CPPFLAGS_set=
ac_cv_env_CPPFLAGS_value=
ac_cv_env_CPP_set=
ac_cv_env_CPP_value=
ac_cv_env_FCFLAGS_set=set
ac_cv_env_FCFLAGS_value='-O2 -I/home/mengbinzhu/pfldp/ropp-7.0/gfortran/include'
ac_cv_env_FC_set=set
ac_cv_env_FC_value=gfortran
ac_cv_env_LDFLAGS_set=set
ac_cv_env_LDFLAGS_value='-L/home/mengbinzhu/pfldp/ropp-7.0/gfortran/lib -L/home/mengbinzhu/pfldp/ropp-7.0/gfortran/lib64'
ac_cv_env_LIBS_set=
ac_cv_env_LIBS_value=
ac_cv_env_build_alias_set=
ac_cv_env_build_alias_value=
ac_cv_env_host_alias_set=
ac_cv_env_host_alias_value=
ac_cv_env_target_alias_set=
ac_cv_env_target_alias_value=
ac_cv_fc_backslash_escape=no
ac_cv_fc_compiler_gnu=no
ac_cv_fc_freeform=none
ac_cv_fc_srcext_f90=none
ac_cv_header_stdc=yes
ac_cv_host=x86_64-unknown-linux
ac_cv_lib_ropp_utils_message=yes
ac_cv_objext=o
ac_cv_path_EGREP='/bin/grep -E'
ac_cv_path_GREP=/bin/grep
ac_cv_path_install='/usr/bin/install -c'
ac_cv_path_mkdir=/bin/mkdir
ac_cv_prog_AWK=mawk
ac_cv_prog_CPP='gcc -std=gnu99 -E'
ac_cv_prog_ac_ct_CC=gcc
ac_cv_prog_ac_ct_RANLIB=ranlib
ac_cv_prog_cc_c89=
ac_cv_prog_cc_c99=-std=gnu99
ac_cv_prog_cc_g=yes
ac_cv_prog_cc_gcc_c_o=yes
ac_cv_prog_cc_stdc=-std=gnu99
ac_cv_prog_fc_g=yes
ac_cv_prog_make_make_set=yes
ac_cv_uc_modnames=no

## ----------------- ##
## Output variables. ##
## ----------------- ##

ACLOCAL='${SHELL} /home/mengbinzhu/pfldp/ropp-7.0/ropp_pp/missing --run aclocal-1.11'
AMTAR='${SHELL} /home/mengbinzhu/pfldp/ropp-7.0/ropp_pp/missing --run tar'
AM_CCFLAGS=''
AM_CPPFLAGS='-DpgiFortran'
AM_FCFLAGS=' -I../build'
AM_FFLAGS=''
AM_LDFLAGS=''
AUTOCONF='${SHELL} /home/mengbinzhu/pfldp/ropp-7.0/ropp_pp/missing --run autoconf'
AUTOHEADER='${SHELL} /home/mengbinzhu/pfldp/ropp-7.0/ropp_pp/missing --run autoheader'
AUTOMAKE='${SHELL} /home/mengbinzhu/pfldp/ropp-7.0/ropp_pp/missing --run automake-1.11'
AWK='mawk'
CC='gcc -std=gnu99'
CFLAGS='-g -O2'
CM_FC_UC_MODNAMES_FALSE=''
CM_FC_UC_MODNAMES_TRUE='#'
CM_NATIVE_AIX_FALSE=''
CM_NATIVE_AIX_TRUE='#'
CM_NATIVE_HPUX_FALSE=''
CM_NATIVE_HPUX_TRUE='#'
CPP='gcc -std=gnu99 -E'
CPPFLAGS=' -I../include -I../FFTW'
CYGPATH_W='echo'
DEFS='-DPACKAGE_NAME=\"ropp_pp\" -DPACKAGE_TARNAME=\"ropp_pp\" -DPACKAGE_VERSION=\"7.0\" -DPACKAGE_STRING=\"ropp_pp\ 7.0\" -DPACKAGE_BUGREPORT=\"romsaf@metoffice.gov.uk\" -DPACKAGE=\"ropp_pp\" -DVERSION=\"7.0\" -DSTDC_HEADERS=1 -DHAVE_MODULE_ROPP_UTILS=1 -DHAVE_MODULE_TYPESIZES=1 -DHAVE_MODULE_ROPP_IO=1 -DHAVE_LIBRARY_NETCDF=1 -DHAVE_LIBRARY_ROPP_IO=1 -DHAVE_LIBRARY_ROPP_IO=1 -DHAVE_LIBRARY_NETCDF=1 -DHAVE_LIBRARY_ROPP_IO=1'
ECHO_C=''
ECHO_N='-n'
ECHO_T=''
EGREP='/bin/grep -E'
EXEEXT=''
FC='gfortran'
FCFLAGS='-O2 -I/home/mengbinzhu/pfldp/ropp-7.0/gfortran/include'
FCFLAGS_f90=''
FC_BACKSLASH_ESCAPE_FALSE=''
FC_BACKSLASH_ESCAPE_TRUE='#'
FC_IS_NAG_FALSE=''
FC_IS_NAG_TRUE='#'
GREP='/bin/grep'
HAVE_HDF5_FALSE=''
HAVE_HDF5_TRUE='#'
HAVE_NCDF_FALSE=''
HAVE_NCDF_IO_FALSE=''
HAVE_NCDF_IO_TRUE='#'
HAVE_NCDF_TRUE='#'
HAVE_NETCDF_FALSE='#'
HAVE_NETCDF_TRUE=''
HAVE_ROPP_IO_FALSE='#'
HAVE_ROPP_IO_TRUE=''
HAVE_ROPP_UTILS_FALSE='#'
HAVE_ROPP_UTILS_TRUE=''
INSTALL_DATA='${INSTALL} -m 644'
INSTALL_PROGRAM='${INSTALL}'
INSTALL_SCRIPT='${INSTALL}'
INSTALL_STRIP_PROGRAM='$(install_sh) -c -s'
LDFLAGS='-L/home/mengbinzhu/pfldp/ropp-7.0/gfortran/lib -L/home/mengbinzhu/pfldp/ropp-7.0/gfortran/lib64'
LIBOBJS=''
LIBS='-lropp_io -lnetcdff -lnetcdf -lropp_io -lropp_io -lnetcdff -lnetcdf -lropp_utils '
LTLIBOBJS=''
M4_OPTS=''
MAKEINFO='${SHELL} /home/mengbinzhu/pfldp/ropp-7.0/ropp_pp/missing --run makeinfo'
MKDIR_P='/bin/mkdir -p'
NO_TYPESIZES_FALSE=''
NO_TYPESIZES_TRUE='#'
OBJEXT='o'
PACKAGE='ropp_pp'
PACKAGE_BUGREPORT='romsaf@metoffice.gov.uk'
PACKAGE_NAME='ropp_pp'
PACKAGE_STRING='ropp_pp 7.0'
PACKAGE_TARNAME='ropp_pp'
PACKAGE_VERSION='7.0'
PATH_SEPARATOR=':'
RANLIB='ranlib'
ROBODOC=''
SET_MAKE=''
SHELL='/bin/bash'
STRIP=''
SVN2CL=''
VERSION='7.0'
ac_ct_CC='gcc'
ac_ct_FC=''
am__EXEEXT_FALSE=''
am__EXEEXT_TRUE='#'
am__isrc=''
am__leading_dot='.'
am__tar='${AMTAR} chof - "$$tardir"'
am__untar='${AMTAR} xf -'
bindir='${exec_prefix}/bin'
build='x86_64-unknown-linux'
build_alias=''
build_cpu='x86_64'
build_os='linux'
build_vendor='unknown'
datadir='${datarootdir}'
datarootdir='${prefix}/share'
docdir='${datarootdir}/doc/${PACKAGE_TARNAME}'
dvidir='${docdir}'
exec_prefix='${prefix}'
host='x86_64-unknown-linux'
host_alias=''
host_cpu='x86_64'
host_os='linux'
host_vendor='unknown'
htmldir='${docdir}'
includedir='${prefix}/include'
infodir='${datarootdir}/info'
install_sh='${SHELL} /home/mengbinzhu/pfldp/ropp-7.0/ropp_pp/install-sh'
libdir='${exec_prefix}/lib'
libexecdir='${exec_prefix}/libexec'
localedir='${datarootdir}/locale'
localstatedir='${prefix}/var'
mandir='${datarootdir}/man'
mkdir_p='/bin/mkdir -p'
oldincludedir='/usr/include'
pdfdir='${docdir}'
prefix='/home/mengbinzhu/pfldp/ropp-7.0/gfortran'
program_transform_name='s,x,x,'
psdir='${docdir}'
sbindir='${exec_prefix}/sbin'
sharedstatedir='${prefix}/com'
sysconfdir='${prefix}/etc'
target_alias=''

## ----------- ##
## confdefs.h. ##
## ----------- ##

#define PACKAGE_NAME "ropp_pp"
#define PACKAGE_TARNAME "ropp_pp"
#define PACKAGE_VERSION "7.0"
#define PACKAGE_STRING "ropp_pp 7.0"
#define PACKAGE_BUGREPORT "romsaf@metoffice.gov.uk"
#define PACKAGE "ropp_pp"
#define VERSION "7.0"
#define STDC_HEADERS 1
#define HAVE_MODULE_ROPP_UTILS 1
#define HAVE_MODULE_TYPESIZES 1
#define HAVE_MODULE_ROPP_IO 1
#define HAVE_LIBRARY_NETCDF 1
#define HAVE_LIBRARY_ROPP_IO 1
#define HAVE_LIBRARY_ROPP_IO 1
#define HAVE_LIBRARY_NETCDF 1
#define HAVE_LIBRARY_ROPP_IO 1

configure: exit 0
