This file contains any messages produced by compilers while
running configure, to aid debugging if configure makes a mistake.

It was created by ropp_io configure 7.0, which was
generated by GNU Autoconf 2.63.  Invocation command line was

  $ ./configure --prefix=/home/mengbinzhu/pfldp/ropp-7.0/gfortran

## --------- ##
## Platform. ##
## --------- ##

hostname = ubuntu
uname -m = x86_64
uname -r = 3.13.0-40-generic
uname -s = Linux
uname -v = #69-Ubuntu SMP Thu Nov 13 17:53:56 UTC 2014

/usr/bin/uname -p = unknown
/bin/uname -X     = unknown

/bin/arch              = unknown
/usr/bin/arch -k       = unknown
/usr/convex/getsysinfo = unknown
/usr/bin/hostinfo      = unknown
/bin/machine           = unknown
/usr/bin/oslevel       = unknown
/bin/universe          = unknown

PATH: /opt/intel/composer_xe_2011_sp1.7.256/bin/intel64
PATH: /usr/local/sbin
PATH: /usr/local/bin
PATH: /usr/sbin
PATH: /usr/bin
PATH: /sbin
PATH: /bin
PATH: /usr/games
PATH: /usr/local/games
PATH: /opt/intel/composer_xe_2011_sp1.7.256/mpirt/bin/intel64
PATH: /home/mengbinzhu/local/lapack-3.5.0/
PATH: /home/mengbinzhu/pfldp/ropp-7.0/gfortran/bin


## ----------- ##
## Core tests. ##
## ----------- ##

configure:1893: checking for a BSD-compatible install
configure:1961: result: /usr/bin/install -c
configure:1972: checking whether build environment is sane
configure:2032: result: yes
configure:2173: checking for a thread-safe mkdir -p
configure:2212: result: /bin/mkdir -p
configure:2225: checking for gawk
configure:2255: result: no
configure:2225: checking for mawk
configure:2241: found /usr/bin/mawk
configure:2252: result: mawk
configure:2263: checking whether make sets $(MAKE)
configure:2285: result: yes
configure:2374: checking build system type
configure:2392: result: x86_64-unknown-linux-gnu
configure:2414: checking host system type
configure:2429: result: x86_64-unknown-linux-gnu
configure:2561: checking for Fortran compiler version
configure:2569: gfortran --version >&5
GNU Fortran (Ubuntu 4.8.2-19ubuntu1) 4.8.2
Copyright (C) 2013 Free Software Foundation, Inc.

GNU Fortran comes with NO WARRANTY, to the extent permitted by law.
You may redistribute copies of GNU Fortran
under the terms of the GNU General Public License.
For more information about these matters, see the file named COPYING

configure:2573: $? = 0
configure:2580: gfortran -v >&5
Using built-in specs.
COLLECT_GCC=gfortran
COLLECT_LTO_WRAPPER=/usr/lib/gcc/x86_64-linux-gnu/4.8/lto-wrapper
Target: x86_64-linux-gnu
Configured with: ../src/configure -v --with-pkgversion='Ubuntu 4.8.2-19ubuntu1' --with-bugurl=file:///usr/share/doc/gcc-4.8/README.Bugs --enable-languages=c,c++,java,go,d,fortran,objc,obj-c++ --prefix=/usr --program-suffix=-4.8 --enable-shared --enable-linker-build-id --libexecdir=/usr/lib --without-included-gettext --enable-threads=posix --with-gxx-include-dir=/usr/include/c++/4.8 --libdir=/usr/lib --enable-nls --with-sysroot=/ --enable-clocale=gnu --enable-libstdcxx-debug --enable-libstdcxx-time=yes --enable-gnu-unique-object --disable-libmudflap --enable-plugin --with-system-zlib --disable-browser-plugin --enable-java-awt=gtk --enable-gtk-cairo --with-java-home=/usr/lib/jvm/java-1.5.0-gcj-4.8-amd64/jre --enable-java-home --with-jvm-root-dir=/usr/lib/jvm/java-1.5.0-gcj-4.8-amd64 --with-jvm-jar-dir=/usr/lib/jvm-exports/java-1.5.0-gcj-4.8-amd64 --with-arch-directory=amd64 --with-ecj-jar=/usr/share/java/eclipse-ecj.jar --enable-objc-gc --enable-multiarch --disable-werror --with-arch-32=i686 --with-abi=m64 --with-multilib-list=m32,m64,mx32 --with-tune=generic --enable-checking=release --build=x86_64-linux-gnu --host=x86_64-linux-gnu --target=x86_64-linux-gnu
Thread model: posix
gcc version 4.8.2 (Ubuntu 4.8.2-19ubuntu1) 
configure:2584: $? = 0
configure:2591: gfortran -V >&5
gfortran: error: unrecognized command line option '-V'
gfortran: fatal error: no input files
compilation terminated.
configure:2595: $? = 4
configure:2609: checking for Fortran compiler default output file name
configure:2631: gfortran -O2 -I/home/mengbinzhu/pfldp/ropp-7.0/gfortran/include -L/home/mengbinzhu/pfldp/ropp-7.0/gfortran/lib -L/home/mengbinzhu/pfldp/ropp-7.0/gfortran/lib64  conftest.f  >&5
configure:2635: $? = 0
configure:2673: result: a.out
configure:2692: checking whether the Fortran compiler works
configure:2702: ./a.out
configure:2706: $? = 0
configure:2725: result: yes
configure:2732: checking whether we are cross compiling
configure:2734: result: no
configure:2737: checking for suffix of executables
configure:2744: gfortran -o conftest -O2 -I/home/mengbinzhu/pfldp/ropp-7.0/gfortran/include -L/home/mengbinzhu/pfldp/ropp-7.0/gfortran/lib -L/home/mengbinzhu/pfldp/ropp-7.0/gfortran/lib64  conftest.f  >&5
configure:2748: $? = 0
configure:2774: result: 
configure:2780: checking for suffix of object files
configure:2796: gfortran -c -O2 -I/home/mengbinzhu/pfldp/ropp-7.0/gfortran/include  conftest.f >&5
configure:2800: $? = 0
configure:2825: result: o
configure:2833: checking whether we are using the GNU Fortran compiler
configure:2852: gfortran -c -O2 -I/home/mengbinzhu/pfldp/ropp-7.0/gfortran/include  conftest.F >&5
conftest.F:4:0: error: #endif without #if
 #endif
 ^
conftest.F:2.7:

      #ifndef 4                                                         
       1
Error: Invalid character in name at (1)
conftest.F:3.7:

       choke me                                                         
       1
Error: Unclassifiable statement at (1)
configure:2859: $? = 1
configure: failed program was:
|       program main
|       #ifndef __GNUC__
|        choke me
| #endif
| 
|       end program main
configure:2876: result: no
configure:2882: checking whether gfortran accepts -g
configure:2899: gfortran -c -g  conftest.f >&5
configure:2906: $? = 0
configure:2922: result: yes
configure:2946: checking for Fortran compiler vendor
configure:2982: result: GCC
configure:3029: checking for ranlib
configure:3045: found /usr/bin/ranlib
configure:3056: result: ranlib
configure:3080: checking for m4
configure:3113: result: no
configure:3120: checking for robodoc
configure:3153: result: no
configure:3160: checking for svn2cl
configure:3193: result: no
configure:3212: checking for Fortran flag to compile .f90 files
configure:3234: gfortran -c -O2 -I/home/mengbinzhu/pfldp/ropp-7.0/gfortran/include  conftest.f90 >&5
configure:3241: $? = 0
configure:3260: result: none
configure:3287: checking for Fortran flag needed to allow free-form source
configure:3312: gfortran -c -O2 -I/home/mengbinzhu/pfldp/ropp-7.0/gfortran/include  conftest.f90 >&5
configure:3319: $? = 0
configure:3338: result: none
configure:3519: checking whether compiler uses upper case module names
configure:3526: result: no
configure:3571: checking for Fortran whether backslash escapes
configure:3590: gfortran -c -O2 -I/home/mengbinzhu/pfldp/ropp-7.0/gfortran/include  conftest.f90 >&5
conftest.f90:4.6:

      string='\' '
      1
Error: Unclassifiable statement at (1)
configure:3597: $? = 1
configure: failed program was:
|       program backslash
|       character string*3
| 
|       string='\' '
|       end
| 
configure:3612: result: no
configure:3668: checking for Fortran module netcdf
configure:3684: gfortran -c -O2 -I/home/mengbinzhu/pfldp/ropp-7.0/gfortran/include  conftest.f90 >&5
configure:3691: $? = 0
configure:3706: result: yes
configure:3748: checking for Fortran module ropp_utils
configure:3764: gfortran -c -O2 -I/home/mengbinzhu/pfldp/ropp-7.0/gfortran/include  conftest.f90 >&5
configure:3771: $? = 0
configure:3786: result: yes
configure:3828: checking for Fortran module typesizes
configure:3844: gfortran -c -O2 -I/home/mengbinzhu/pfldp/ropp-7.0/gfortran/include  conftest.f90 >&5
configure:3851: $? = 0
configure:3866: result: yes
configure:3921: checking for enbufv4 of the metdbbufr library
configure:3937: gfortran -o conftest  -O2 -I/home/mengbinzhu/pfldp/ropp-7.0/gfortran/include -L/home/mengbinzhu/pfldp/ropp-7.0/gfortran/lib -L/home/mengbinzhu/pfldp/ropp-7.0/gfortran/lib64  conftest.f90 -lmetdbbufr  >&5
configure:3944: $? = 0
configure:3965: result: yes
configure:4004: checking for bufren of the bufr library
configure:4020: gfortran -o conftest  -O2 -I/home/mengbinzhu/pfldp/ropp-7.0/gfortran/include -L/home/mengbinzhu/pfldp/ropp-7.0/gfortran/lib -L/home/mengbinzhu/pfldp/ropp-7.0/gfortran/lib64  conftest.f90 -lbufr -lmetdbbufr  >&5
/usr/bin/ld: cannot find -lbufr
collect2: error: ld returned 1 exit status
configure:4027: $? = 1
configure: failed program was:
|       program main
|             call bufren
|       end program main
configure:4048: result: no
configure:4135: checking for grib_f_open_file of the grib_api library
configure:4151: gfortran -o conftest  -O2 -I/home/mengbinzhu/pfldp/ropp-7.0/gfortran/include -L/home/mengbinzhu/pfldp/ropp-7.0/gfortran/lib -L/home/mengbinzhu/pfldp/ropp-7.0/gfortran/lib64  conftest.f90 -lgrib_api_f90 -lgrib_api -lmetdbbufr  >&5
configure:4158: $? = 0
configure:4179: result: yes
configure:4236: checking for nf_inq_ncid of the hdf5 library
configure:4252: gfortran -o conftest  -O2 -I/home/mengbinzhu/pfldp/ropp-7.0/gfortran/include -L/home/mengbinzhu/pfldp/ropp-7.0/gfortran/lib -L/home/mengbinzhu/pfldp/ropp-7.0/gfortran/lib64  conftest.f90 -lnetcdff -lnetcdf -lhdf5hl_fortran -lhdf5_hl -lhdf5_fortran -lhdf5 -lz -lgrib_api_f90 -lgrib_api -lmetdbbufr  >&5
/usr/bin/ld: cannot find -lhdf5hl_fortran
/usr/bin/ld: cannot find -lhdf5_hl
/usr/bin/ld: cannot find -lhdf5_fortran
/usr/bin/ld: cannot find -lhdf5
collect2: error: ld returned 1 exit status
configure:4259: $? = 1
configure: failed program was:
|       program main
|             call nf_inq_ncid
|       end program main
configure:4280: result: no
configure:4301: WARNING: 
configure:4303: WARNING: LIBRARY NC4/HDF5 NOT FOUND
configure:4305: WARNING: THIS PACKAGE MAY USE THE NC4/HDF5 LIBRARY
configure:4307: WARNING: *** NOTE:                                            ***
configure:4309: WARNING: *** Users wishing to build readers for EUMETSAT      ***
configure:4311: WARNING: *** netcdf4 files must install the NC4/HDF5 library  ***
configure:4313: WARNING: *** first. See ROPP Release Notes or ROPP User       ***
configure:4315: WARNING: *** Guide for further details.                       ***
configure:4317: WARNING: *** Build will proceed without NC4/HDF5 support.     ***
configure:4319: WARNING: 
configure:4321: WARNING: Library NC4/HDF5 not found
configure:4338: checking for nf_open of the netcdf library
configure:4354: gfortran -o conftest  -O2 -I/home/mengbinzhu/pfldp/ropp-7.0/gfortran/include -L/home/mengbinzhu/pfldp/ropp-7.0/gfortran/lib -L/home/mengbinzhu/pfldp/ropp-7.0/gfortran/lib64  conftest.f90 -lnetcdff -lnetcdf -lgrib_api_f90 -lgrib_api -lmetdbbufr  >&5
configure:4361: $? = 0
configure:4382: result: yes
configure:4438: checking for message of the ropp_utils library
configure:4454: gfortran -o conftest  -O2 -I/home/mengbinzhu/pfldp/ropp-7.0/gfortran/include -L/home/mengbinzhu/pfldp/ropp-7.0/gfortran/lib -L/home/mengbinzhu/pfldp/ropp-7.0/gfortran/lib64  conftest.f90 -lropp_utils -lnetcdff -lnetcdf -lgrib_api_f90 -lgrib_api -lmetdbbufr  >&5
configure:4461: $? = 0
configure:4482: result: yes
configure:4795: creating ./config.status

## ---------------------- ##
## Running config.status. ##
## ---------------------- ##

This file was extended by ropp_io config.status 7.0, which was
generated by GNU Autoconf 2.63.  Invocation command line was

  CONFIG_FILES    = 
  CONFIG_HEADERS  = 
  CONFIG_LINKS    = 
  CONFIG_COMMANDS = 
  $ ./config.status 

on ubuntu

config.status:727: creating Makefile
config.status:727: creating build/Makefile
config.status:727: creating common/Makefile
config.status:727: creating contrib/Makefile
config.status:727: creating contrib/idl/Makefile
config.status:727: creating contrib/wave/Makefile
config.status:727: creating data/Makefile
config.status:727: creating doc/Makefile
config.status:727: creating ropp/Makefile
config.status:727: creating thin/Makefile
config.status:727: creating ncdf/Makefile
config.status:727: creating bufr/Makefile
config.status:727: creating tools/Makefile
config.status:727: creating tests/Makefile

## ---------------- ##
## Cache variables. ##
## ---------------- ##

ac_cv_build=x86_64-unknown-linux-gnu
ac_cv_env_FCFLAGS_set=set
ac_cv_env_FCFLAGS_value='-O2 -I/home/mengbinzhu/pfldp/ropp-7.0/gfortran/include'
ac_cv_env_FC_set=set
ac_cv_env_FC_value=gfortran
ac_cv_env_LDFLAGS_set=set
ac_cv_env_LDFLAGS_value='-L/home/mengbinzhu/pfldp/ropp-7.0/gfortran/lib -L/home/mengbinzhu/pfldp/ropp-7.0/gfortran/lib64'
ac_cv_env_LIBS_set=
ac_cv_env_LIBS_value=
ac_cv_env_build_alias_set=
ac_cv_env_build_alias_value=
ac_cv_env_host_alias_set=
ac_cv_env_host_alias_value=
ac_cv_env_target_alias_set=
ac_cv_env_target_alias_value=
ac_cv_fc_backslash_escape=no
ac_cv_fc_compiler_gnu=no
ac_cv_fc_freeform=none
ac_cv_fc_srcext_f90=none
ac_cv_host=x86_64-unknown-linux-gnu
ac_cv_objext=o
ac_cv_path_install='/usr/bin/install -c'
ac_cv_path_mkdir=/bin/mkdir
ac_cv_prog_AWK=mawk
ac_cv_prog_ac_ct_RANLIB=ranlib
ac_cv_prog_fc_g=yes
ac_cv_prog_make_make_set=yes
ac_cv_uc_modnames=no

## ----------------- ##
## Output variables. ##
## ----------------- ##

ACLOCAL='${SHELL} /home/mengbinzhu/pfldp/ropp-7.0/ropp_io/missing --run aclocal-1.11'
AMTAR='${SHELL} /home/mengbinzhu/pfldp/ropp-7.0/ropp_io/missing --run tar'
AM_CCFLAGS=''
AM_CPPFLAGS='-DpgiFortran'
AM_FCFLAGS=' -I../build'
AM_FFLAGS=''
AM_LDFLAGS=''
AUTOCONF='${SHELL} /home/mengbinzhu/pfldp/ropp-7.0/ropp_io/missing --run autoconf'
AUTOHEADER='${SHELL} /home/mengbinzhu/pfldp/ropp-7.0/ropp_io/missing --run autoheader'
AUTOMAKE='${SHELL} /home/mengbinzhu/pfldp/ropp-7.0/ropp_io/missing --run automake-1.11'
AWK='mawk'
CM_FC_UC_MODNAMES_FALSE=''
CM_FC_UC_MODNAMES_TRUE='#'
CM_NATIVE_AIX_FALSE=''
CM_NATIVE_AIX_TRUE='#'
CM_NATIVE_HPUX_FALSE=''
CM_NATIVE_HPUX_TRUE='#'
CYGPATH_W='echo'
DEFS='-DPACKAGE_NAME=\"ropp_io\" -DPACKAGE_TARNAME=\"ropp_io\" -DPACKAGE_VERSION=\"7.0\" -DPACKAGE_STRING=\"ropp_io\ 7.0\" -DPACKAGE_BUGREPORT=\"romsaf@metoffice.gov.uk\" -DPACKAGE=\"ropp_io\" -DVERSION=\"7.0\" -DHAVE_MODULE_NETCDF=1 -DHAVE_MODULE_ROPP_UTILS=1 -DHAVE_MODULE_TYPESIZES=1 -DHAVE_LIBRARY_METDBBUFR=1 -DHAVE_LIBRARY_GRIB_API=1 -DHAVE_LIBRARY_NETCDF=1 -DHAVE_LIBRARY_ROPP_UTILS=1'
ECHO_C=''
ECHO_N='-n'
ECHO_T=''
EXEEXT=''
FC='gfortran'
FCFLAGS='-O2 -I/home/mengbinzhu/pfldp/ropp-7.0/gfortran/include'
FCFLAGS_f90=''
FC_BACKSLASH_ESCAPE_FALSE=''
FC_BACKSLASH_ESCAPE_TRUE='#'
FC_IS_NAG_FALSE=''
FC_IS_NAG_TRUE='#'
HAVE_ECMWF_BUFR_FALSE=''
HAVE_ECMWF_BUFR_TRUE='#'
HAVE_GRIB_FALSE='#'
HAVE_GRIB_TRUE=''
HAVE_HDF5_FALSE=''
HAVE_HDF5_TRUE='#'
HAVE_METO_BUFR_FALSE='#'
HAVE_METO_BUFR_TRUE=''
HAVE_NETCDF_FALSE='#'
HAVE_NETCDF_TRUE=''
HAVE_ROPP_UTILS_FALSE='#'
HAVE_ROPP_UTILS_TRUE=''
HAVE_UTILS_FALSE='#'
HAVE_UTILS_TRUE=''
INSTALL_DATA='${INSTALL} -m 644'
INSTALL_PROGRAM='${INSTALL}'
INSTALL_SCRIPT='${INSTALL}'
INSTALL_STRIP_PROGRAM='$(install_sh) -c -s'
LDFLAGS='-L/home/mengbinzhu/pfldp/ropp-7.0/gfortran/lib -L/home/mengbinzhu/pfldp/ropp-7.0/gfortran/lib64'
LIBOBJS=''
LIBS='-lropp_utils -lnetcdff -lnetcdf -lgrib_api_f90 -lgrib_api -lmetdbbufr '
LTLIBOBJS=''
M4=''
M4_OPTS=''
MAKEINFO='${SHELL} /home/mengbinzhu/pfldp/ropp-7.0/ropp_io/missing --run makeinfo'
MKDIR_P='/bin/mkdir -p'
NO_TYPESIZES_FALSE=''
NO_TYPESIZES_TRUE='#'
OBJEXT='o'
PACKAGE='ropp_io'
PACKAGE_BUGREPORT='romsaf@metoffice.gov.uk'
PACKAGE_NAME='ropp_io'
PACKAGE_STRING='ropp_io 7.0'
PACKAGE_TARNAME='ropp_io'
PACKAGE_VERSION='7.0'
PATH_SEPARATOR=':'
RANLIB='ranlib'
ROBODOC=''
SET_MAKE=''
SHELL='/bin/bash'
STRIP=''
SVN2CL=''
VERSION='7.0'
ac_ct_FC=''
am__EXEEXT_FALSE=''
am__EXEEXT_TRUE='#'
am__isrc=''
am__leading_dot='.'
am__tar='${AMTAR} chof - "$$tardir"'
am__untar='${AMTAR} xf -'
bindir='${exec_prefix}/bin'
build='x86_64-unknown-linux-gnu'
build_alias=''
build_cpu='x86_64'
build_os='linux-gnu'
build_vendor='unknown'
datadir='${datarootdir}'
datarootdir='${prefix}/share'
docdir='${datarootdir}/doc/${PACKAGE_TARNAME}'
dvidir='${docdir}'
exec_prefix='${prefix}'
host='x86_64-unknown-linux-gnu'
host_alias=''
host_cpu='x86_64'
host_os='linux-gnu'
host_vendor='unknown'
htmldir='${docdir}'
includedir='${prefix}/include'
infodir='${datarootdir}/info'
install_sh='${SHELL} /home/mengbinzhu/pfldp/ropp-7.0/ropp_io/install-sh'
libdir='${exec_prefix}/lib'
libexecdir='${exec_prefix}/libexec'
localedir='${datarootdir}/locale'
localstatedir='${prefix}/var'
mandir='${datarootdir}/man'
mkdir_p='/bin/mkdir -p'
oldincludedir='/usr/include'
pdfdir='${docdir}'
prefix='/home/mengbinzhu/pfldp/ropp-7.0/gfortran'
program_transform_name='s,x,x,'
psdir='${docdir}'
sbindir='${exec_prefix}/sbin'
sharedstatedir='${prefix}/com'
sysconfdir='${prefix}/etc'
target_alias=''

## ----------- ##
## confdefs.h. ##
## ----------- ##

#define PACKAGE_NAME "ropp_io"
#define PACKAGE_TARNAME "ropp_io"
#define PACKAGE_VERSION "7.0"
#define PACKAGE_STRING "ropp_io 7.0"
#define PACKAGE_BUGREPORT "romsaf@metoffice.gov.uk"
#define PACKAGE "ropp_io"
#define VERSION "7.0"
#define HAVE_MODULE_NETCDF 1
#define HAVE_MODULE_ROPP_UTILS 1
#define HAVE_MODULE_TYPESIZES 1
#define HAVE_LIBRARY_METDBBUFR 1
#define HAVE_LIBRARY_GRIB_API 1
#define HAVE_LIBRARY_NETCDF 1
#define HAVE_LIBRARY_ROPP_UTILS 1

configure: exit 0
