This file contains any messages produced by compilers while
running configure, to aid debugging if configure makes a mistake.

It was created by UDUNITS configure 2.1.21, which was
generated by GNU Autoconf 2.68.  Invocation command line was

  $ ./configure --disable-option-checking --prefix=/home/mengbinzhu/pfldp/ropp-7.0/gfortran --disable-netcdf-4 --disable-cxx --disable-v2 --disable-dap --disable-shared --disable-largefile --enable-separate-fortran CC=gcc CFLAGS=-O2 -w LDFLAGS= FC=gfortran FCFLAGS=-O2 -w F77=gfortran FFLAGS=-O2 -w CXX= --cache-file=/dev/null --srcdir=.

## --------- ##
## Platform. ##
## --------- ##

hostname = ubuntu
uname -m = x86_64
uname -r = 3.13.0-40-generic
uname -s = Linux
uname -v = #69-Ubuntu SMP Thu Nov 13 17:53:56 UTC 2014

/usr/bin/uname -p = unknown
/bin/uname -X     = unknown

/bin/arch              = unknown
/usr/bin/arch -k       = unknown
/usr/convex/getsysinfo = unknown
/usr/bin/hostinfo      = unknown
/bin/machine           = unknown
/usr/bin/oslevel       = unknown
/bin/universe          = unknown

PATH: /opt/pgi/linux86-64/9.0-1/bin
PATH: /opt/intel/composer_xe_2011_sp1.7.256/bin/intel64
PATH: /usr/local/sbin
PATH: /usr/local/bin
PATH: /usr/sbin
PATH: /usr/bin
PATH: /sbin
PATH: /bin
PATH: /usr/games
PATH: /usr/local/games
PATH: /opt/intel/composer_xe_2011_sp1.7.256/mpirt/bin/intel64
PATH: /home/mengbinzhu/local/lapack-3.5.0/
PATH: /home/mengbinzhu/pfldp/ropp-7.0/gfortran/bin


## ----------- ##
## Core tests. ##
## ----------- ##

configure:2308: checking for a BSD-compatible install
configure:2376: result: /usr/bin/install -c
configure:2387: checking whether build environment is sane
configure:2437: result: yes
configure:2578: checking for a thread-safe mkdir -p
configure:2617: result: /bin/mkdir -p
configure:2630: checking for gawk
configure:2660: result: no
configure:2630: checking for mawk
configure:2646: found /usr/bin/mawk
configure:2657: result: mawk
configure:2668: checking whether make sets $(MAKE)
configure:2690: result: yes
configure:2898: checking for gcc
configure:2925: result: gcc
configure:3154: checking for C compiler version
configure:3163: gcc --version >&5
gcc (Ubuntu 4.8.2-19ubuntu1) 4.8.2
Copyright (C) 2013 Free Software Foundation, Inc.
This is free software; see the source for copying conditions.  There is NO
warranty; not even for MERCHANTABILITY or FITNESS FOR A PARTICULAR PURPOSE.

configure:3174: $? = 0
configure:3163: gcc -v >&5
Using built-in specs.
COLLECT_GCC=gcc
COLLECT_LTO_WRAPPER=/usr/lib/gcc/x86_64-linux-gnu/4.8/lto-wrapper
Target: x86_64-linux-gnu
Configured with: ../src/configure -v --with-pkgversion='Ubuntu 4.8.2-19ubuntu1' --with-bugurl=file:///usr/share/doc/gcc-4.8/README.Bugs --enable-languages=c,c++,java,go,d,fortran,objc,obj-c++ --prefix=/usr --program-suffix=-4.8 --enable-shared --enable-linker-build-id --libexecdir=/usr/lib --without-included-gettext --enable-threads=posix --with-gxx-include-dir=/usr/include/c++/4.8 --libdir=/usr/lib --enable-nls --with-sysroot=/ --enable-clocale=gnu --enable-libstdcxx-debug --enable-libstdcxx-time=yes --enable-gnu-unique-object --disable-libmudflap --enable-plugin --with-system-zlib --disable-browser-plugin --enable-java-awt=gtk --enable-gtk-cairo --with-java-home=/usr/lib/jvm/java-1.5.0-gcj-4.8-amd64/jre --enable-java-home --with-jvm-root-dir=/usr/lib/jvm/java-1.5.0-gcj-4.8-amd64 --with-jvm-jar-dir=/usr/lib/jvm-exports/java-1.5.0-gcj-4.8-amd64 --with-arch-directory=amd64 --with-ecj-jar=/usr/share/java/eclipse-ecj.jar --enable-objc-gc --enable-multiarch --disable-werror --with-arch-32=i686 --with-abi=m64 --with-multilib-list=m32,m64,mx32 --with-tune=generic --enable-checking=release --build=x86_64-linux-gnu --host=x86_64-linux-gnu --target=x86_64-linux-gnu
Thread model: posix
gcc version 4.8.2 (Ubuntu 4.8.2-19ubuntu1) 
configure:3174: $? = 0
configure:3163: gcc -V >&5
gcc: error: unrecognized command line option '-V'
gcc: fatal error: no input files
compilation terminated.
configure:3174: $? = 4
configure:3163: gcc -qversion >&5
gcc: error: unrecognized command line option '-qversion'
gcc: fatal error: no input files
compilation terminated.
configure:3174: $? = 4
configure:3194: checking whether the C compiler works
configure:3216: gcc -O2 -w -DNDEBUG  conftest.c  >&5
configure:3220: $? = 0
configure:3268: result: yes
configure:3271: checking for C compiler default output file name
configure:3273: result: a.out
configure:3279: checking for suffix of executables
configure:3286: gcc -o conftest -O2 -w -DNDEBUG  conftest.c  >&5
configure:3290: $? = 0
configure:3312: result: 
configure:3334: checking whether we are cross compiling
configure:3342: gcc -o conftest -O2 -w -DNDEBUG  conftest.c  >&5
configure:3346: $? = 0
configure:3353: ./conftest
configure:3357: $? = 0
configure:3372: result: no
configure:3377: checking for suffix of object files
configure:3399: gcc -c -O2 -w -DNDEBUG conftest.c >&5
configure:3403: $? = 0
configure:3424: result: o
configure:3428: checking whether we are using the GNU C compiler
configure:3447: gcc -c -O2 -w -DNDEBUG conftest.c >&5
configure:3447: $? = 0
configure:3456: result: yes
configure:3465: checking whether gcc accepts -g
configure:3485: gcc -c -g -DNDEBUG conftest.c >&5
configure:3485: $? = 0
configure:3526: result: yes
configure:3543: checking for gcc option to accept ISO C89
configure:3607: gcc  -c -O2 -w -DNDEBUG conftest.c >&5
configure:3607: $? = 0
configure:3620: result: none needed
configure:3651: checking for style of include used by make
configure:3679: result: GNU
configure:3704: checking dependency style of gcc
configure:3814: result: gcc3
configure:3830: checking whether gcc and cc understand -c and -o together
configure:3861: gcc -c conftest.c -o conftest2.o >&5
configure:3865: $? = 0
configure:3871: gcc -c conftest.c -o conftest2.o >&5
configure:3875: $? = 0
configure:3886: cc -c conftest.c >&5
configure:3890: $? = 0
configure:3898: cc -c conftest.c -o conftest2.o >&5
configure:3902: $? = 0
configure:3908: cc -c conftest.c -o conftest2.o >&5
configure:3912: $? = 0
configure:3930: result: yes
configure:3966: checking how to run the C preprocessor
configure:3997: gcc -E -DNDEBUG conftest.c
configure:3997: $? = 0
configure:4011: gcc -E -DNDEBUG conftest.c
conftest.c:11:28: fatal error: ac_nonexistent.h: No such file or directory
 #include <ac_nonexistent.h>
                            ^
compilation terminated.
configure:4011: $? = 1
configure: failed program was:
| /* confdefs.h */
| #define PACKAGE_NAME "UDUNITS"
| #define PACKAGE_TARNAME "udunits"
| #define PACKAGE_VERSION "2.1.21"
| #define PACKAGE_STRING "UDUNITS 2.1.21"
| #define PACKAGE_BUGREPORT "support-udunits@unidata.ucar.edu"
| #define PACKAGE_URL ""
| #define PACKAGE "udunits"
| #define VERSION "2.1.21"
| /* end confdefs.h.  */
| #include <ac_nonexistent.h>
configure:4036: result: gcc -E
configure:4056: gcc -E -DNDEBUG conftest.c
configure:4056: $? = 0
configure:4070: gcc -E -DNDEBUG conftest.c
conftest.c:11:28: fatal error: ac_nonexistent.h: No such file or directory
 #include <ac_nonexistent.h>
                            ^
compilation terminated.
configure:4070: $? = 1
configure: failed program was:
| /* confdefs.h */
| #define PACKAGE_NAME "UDUNITS"
| #define PACKAGE_TARNAME "udunits"
| #define PACKAGE_VERSION "2.1.21"
| #define PACKAGE_STRING "UDUNITS 2.1.21"
| #define PACKAGE_BUGREPORT "support-udunits@unidata.ucar.edu"
| #define PACKAGE_URL ""
| #define PACKAGE "udunits"
| #define VERSION "2.1.21"
| /* end confdefs.h.  */
| #include <ac_nonexistent.h>
configure:4099: checking whether ln -s works
configure:4103: result: yes
configure:4110: checking whether make sets $(MAKE)
configure:4132: result: yes
configure:4145: checking for bison
configure:4175: result: no
configure:4145: checking for byacc
configure:4175: result: no
configure:4189: checking for flex
configure:4219: result: no
configure:4189: checking for lex
configure:4219: result: no
configure:4348: checking for library containing dirname
configure:4379: gcc -o conftest -O2 -w -DNDEBUG  conftest.c  >&5
configure:4379: $? = 0
configure:4396: result: none required
configure:4406: checking for library containing log10
configure:4437: gcc -o conftest -O2 -w -DNDEBUG  conftest.c  >&5
/tmp/ccvkIqOD.o: In function `main':
conftest.c:(.text.startup+0x7): undefined reference to `log10'
collect2: error: ld returned 1 exit status
configure:4437: $? = 1
configure: failed program was:
| /* confdefs.h */
| #define PACKAGE_NAME "UDUNITS"
| #define PACKAGE_TARNAME "udunits"
| #define PACKAGE_VERSION "2.1.21"
| #define PACKAGE_STRING "UDUNITS 2.1.21"
| #define PACKAGE_BUGREPORT "support-udunits@unidata.ucar.edu"
| #define PACKAGE_URL ""
| #define PACKAGE "udunits"
| #define VERSION "2.1.21"
| /* end confdefs.h.  */
| 
| /* Override any GCC internal prototype to avoid an error.
|    Use char because int might match the return type of a GCC
|    builtin and then its argument prototype would still apply.  */
| #ifdef __cplusplus
| extern "C"
| #endif
| char log10 ();
| int
| main ()
| {
| return log10 ();
|   ;
|   return 0;
| }
configure:4437: gcc -o conftest -O2 -w -DNDEBUG  conftest.c -lm   >&5
configure:4437: $? = 0
configure:4454: result: -lm
configure:4464: checking for library containing XML_StopParser
configure:4495: gcc -o conftest -O2 -w -DNDEBUG  conftest.c -lm  >&5
/tmp/ccFlgqXJ.o: In function `main':
conftest.c:(.text.startup+0x7): undefined reference to `XML_StopParser'
collect2: error: ld returned 1 exit status
configure:4495: $? = 1
configure: failed program was:
| /* confdefs.h */
| #define PACKAGE_NAME "UDUNITS"
| #define PACKAGE_TARNAME "udunits"
| #define PACKAGE_VERSION "2.1.21"
| #define PACKAGE_STRING "UDUNITS 2.1.21"
| #define PACKAGE_BUGREPORT "support-udunits@unidata.ucar.edu"
| #define PACKAGE_URL ""
| #define PACKAGE "udunits"
| #define VERSION "2.1.21"
| /* end confdefs.h.  */
| 
| /* Override any GCC internal prototype to avoid an error.
|    Use char because int might match the return type of a GCC
|    builtin and then its argument prototype would still apply.  */
| #ifdef __cplusplus
| extern "C"
| #endif
| char XML_StopParser ();
| int
| main ()
| {
| return XML_StopParser ();
|   ;
|   return 0;
| }
configure:4495: gcc -o conftest -O2 -w -DNDEBUG  conftest.c -lexpat  -lm  >&5
configure:4495: $? = 0
configure:4512: result: -lexpat
configure:4533: checking for grep that handles long lines and -e
configure:4591: result: /bin/grep
configure:4596: checking for egrep
configure:4658: result: /bin/grep -E
configure:4663: checking for ANSI C header files
configure:4683: gcc -c -O2 -w -DNDEBUG conftest.c >&5
configure:4683: $? = 0
configure:4756: gcc -o conftest -O2 -w -DNDEBUG  conftest.c -lexpat -lm  >&5
configure:4756: $? = 0
configure:4756: ./conftest
configure:4756: $? = 0
configure:4767: result: yes
configure:4780: checking for sys/types.h
configure:4780: gcc -c -O2 -w -DNDEBUG conftest.c >&5
configure:4780: $? = 0
configure:4780: result: yes
configure:4780: checking for sys/stat.h
configure:4780: gcc -c -O2 -w -DNDEBUG conftest.c >&5
configure:4780: $? = 0
configure:4780: result: yes
configure:4780: checking for stdlib.h
configure:4780: gcc -c -O2 -w -DNDEBUG conftest.c >&5
configure:4780: $? = 0
configure:4780: result: yes
configure:4780: checking for string.h
configure:4780: gcc -c -O2 -w -DNDEBUG conftest.c >&5
configure:4780: $? = 0
configure:4780: result: yes
configure:4780: checking for memory.h
configure:4780: gcc -c -O2 -w -DNDEBUG conftest.c >&5
configure:4780: $? = 0
configure:4780: result: yes
configure:4780: checking for strings.h
configure:4780: gcc -c -O2 -w -DNDEBUG conftest.c >&5
configure:4780: $? = 0
configure:4780: result: yes
configure:4780: checking for inttypes.h
configure:4780: gcc -c -O2 -w -DNDEBUG conftest.c >&5
configure:4780: $? = 0
configure:4780: result: yes
configure:4780: checking for stdint.h
configure:4780: gcc -c -O2 -w -DNDEBUG conftest.c >&5
configure:4780: $? = 0
configure:4780: result: yes
configure:4780: checking for unistd.h
configure:4780: gcc -c -O2 -w -DNDEBUG conftest.c >&5
configure:4780: $? = 0
configure:4780: result: yes
configure:4795: checking float.h usability
configure:4795: gcc -c -O2 -w -DNDEBUG conftest.c >&5
configure:4795: $? = 0
configure:4795: result: yes
configure:4795: checking float.h presence
configure:4795: gcc -E -DNDEBUG conftest.c
configure:4795: $? = 0
configure:4795: result: yes
configure:4795: checking for float.h
configure:4795: result: yes
configure:4795: checking for inttypes.h
configure:4795: result: yes
configure:4795: checking stddef.h usability
configure:4795: gcc -c -O2 -w -DNDEBUG conftest.c >&5
configure:4795: $? = 0
configure:4795: result: yes
configure:4795: checking stddef.h presence
configure:4795: gcc -E -DNDEBUG conftest.c
configure:4795: $? = 0
configure:4795: result: yes
configure:4795: checking for stddef.h
configure:4795: result: yes
configure:4795: checking for stdlib.h
configure:4795: result: yes
configure:4795: checking for string.h
configure:4795: result: yes
configure:4795: checking for strings.h
configure:4795: result: yes
configure:4808: Checking for the CUNIT unit-testing package.
configure:4810: checking CUnit/CUnit.h usability
configure:4810: gcc -c -O2 -w -DNDEBUG conftest.c >&5
conftest.c:60:25: fatal error: CUnit/CUnit.h: No such file or directory
 #include <CUnit/CUnit.h>
                         ^
compilation terminated.
configure:4810: $? = 1
configure: failed program was:
| /* confdefs.h */
| #define PACKAGE_NAME "UDUNITS"
| #define PACKAGE_TARNAME "udunits"
| #define PACKAGE_VERSION "2.1.21"
| #define PACKAGE_STRING "UDUNITS 2.1.21"
| #define PACKAGE_BUGREPORT "support-udunits@unidata.ucar.edu"
| #define PACKAGE_URL ""
| #define PACKAGE "udunits"
| #define VERSION "2.1.21"
| #define STDC_HEADERS 1
| #define HAVE_SYS_TYPES_H 1
| #define HAVE_SYS_STAT_H 1
| #define HAVE_STDLIB_H 1
| #define HAVE_STRING_H 1
| #define HAVE_MEMORY_H 1
| #define HAVE_STRINGS_H 1
| #define HAVE_INTTYPES_H 1
| #define HAVE_STDINT_H 1
| #define HAVE_UNISTD_H 1
| #define HAVE_FLOAT_H 1
| #define HAVE_INTTYPES_H 1
| #define HAVE_STDDEF_H 1
| #define HAVE_STDLIB_H 1
| #define HAVE_STRING_H 1
| #define HAVE_STRINGS_H 1
| /* end confdefs.h.  */
| #include <stdio.h>
| #ifdef HAVE_SYS_TYPES_H
| # include <sys/types.h>
| #endif
| #ifdef HAVE_SYS_STAT_H
| # include <sys/stat.h>
| #endif
| #ifdef STDC_HEADERS
| # include <stdlib.h>
| # include <stddef.h>
| #else
| # ifdef HAVE_STDLIB_H
| #  include <stdlib.h>
| # endif
| #endif
| #ifdef HAVE_STRING_H
| # if !defined STDC_HEADERS && defined HAVE_MEMORY_H
| #  include <memory.h>
| # endif
| # include <string.h>
| #endif
| #ifdef HAVE_STRINGS_H
| # include <strings.h>
| #endif
| #ifdef HAVE_INTTYPES_H
| # include <inttypes.h>
| #endif
| #ifdef HAVE_STDINT_H
| # include <stdint.h>
| #endif
| #ifdef HAVE_UNISTD_H
| # include <unistd.h>
| #endif
| #include <CUnit/CUnit.h>
configure:4810: result: no
configure:4810: checking CUnit/CUnit.h presence
configure:4810: gcc -E -DNDEBUG conftest.c
conftest.c:27:25: fatal error: CUnit/CUnit.h: No such file or directory
 #include <CUnit/CUnit.h>
                         ^
compilation terminated.
configure:4810: $? = 1
configure: failed program was:
| /* confdefs.h */
| #define PACKAGE_NAME "UDUNITS"
| #define PACKAGE_TARNAME "udunits"
| #define PACKAGE_VERSION "2.1.21"
| #define PACKAGE_STRING "UDUNITS 2.1.21"
| #define PACKAGE_BUGREPORT "support-udunits@unidata.ucar.edu"
| #define PACKAGE_URL ""
| #define PACKAGE "udunits"
| #define VERSION "2.1.21"
| #define STDC_HEADERS 1
| #define HAVE_SYS_TYPES_H 1
| #define HAVE_SYS_STAT_H 1
| #define HAVE_STDLIB_H 1
| #define HAVE_STRING_H 1
| #define HAVE_MEMORY_H 1
| #define HAVE_STRINGS_H 1
| #define HAVE_INTTYPES_H 1
| #define HAVE_STDINT_H 1
| #define HAVE_UNISTD_H 1
| #define HAVE_FLOAT_H 1
| #define HAVE_INTTYPES_H 1
| #define HAVE_STDDEF_H 1
| #define HAVE_STDLIB_H 1
| #define HAVE_STRING_H 1
| #define HAVE_STRINGS_H 1
| /* end confdefs.h.  */
| #include <CUnit/CUnit.h>
configure:4810: result: no
configure:4810: checking for CUnit/CUnit.h
configure:4810: result: no
configure:4860: CUNIT not found.  Disabling unit-tests.
configure:4873: checking for an ANSI C-conforming const
configure:4938: gcc -c -O2 -w -DNDEBUG conftest.c >&5
configure:4938: $? = 0
configure:4945: result: yes
configure:4953: checking for size_t
configure:4953: gcc -c -O2 -w -DNDEBUG conftest.c >&5
configure:4953: $? = 0
configure:4953: gcc -c -O2 -w -DNDEBUG conftest.c >&5
conftest.c: In function 'main':
conftest.c:63:21: error: expected expression before ')' token
 if (sizeof ((size_t)))
                     ^
configure:4953: $? = 1
configure: failed program was:
| /* confdefs.h */
| #define PACKAGE_NAME "UDUNITS"
| #define PACKAGE_TARNAME "udunits"
| #define PACKAGE_VERSION "2.1.21"
| #define PACKAGE_STRING "UDUNITS 2.1.21"
| #define PACKAGE_BUGREPORT "support-udunits@unidata.ucar.edu"
| #define PACKAGE_URL ""
| #define PACKAGE "udunits"
| #define VERSION "2.1.21"
| #define STDC_HEADERS 1
| #define HAVE_SYS_TYPES_H 1
| #define HAVE_SYS_STAT_H 1
| #define HAVE_STDLIB_H 1
| #define HAVE_STRING_H 1
| #define HAVE_MEMORY_H 1
| #define HAVE_STRINGS_H 1
| #define HAVE_INTTYPES_H 1
| #define HAVE_STDINT_H 1
| #define HAVE_UNISTD_H 1
| #define HAVE_FLOAT_H 1
| #define HAVE_INTTYPES_H 1
| #define HAVE_STDDEF_H 1
| #define HAVE_STDLIB_H 1
| #define HAVE_STRING_H 1
| #define HAVE_STRINGS_H 1
| /* end confdefs.h.  */
| #include <stdio.h>
| #ifdef HAVE_SYS_TYPES_H
| # include <sys/types.h>
| #endif
| #ifdef HAVE_SYS_STAT_H
| # include <sys/stat.h>
| #endif
| #ifdef STDC_HEADERS
| # include <stdlib.h>
| # include <stddef.h>
| #else
| # ifdef HAVE_STDLIB_H
| #  include <stdlib.h>
| # endif
| #endif
| #ifdef HAVE_STRING_H
| # if !defined STDC_HEADERS && defined HAVE_MEMORY_H
| #  include <memory.h>
| # endif
| # include <string.h>
| #endif
| #ifdef HAVE_STRINGS_H
| # include <strings.h>
| #endif
| #ifdef HAVE_INTTYPES_H
| # include <inttypes.h>
| #endif
| #ifdef HAVE_STDINT_H
| # include <stdint.h>
| #endif
| #ifdef HAVE_UNISTD_H
| # include <unistd.h>
| #endif
| int
| main ()
| {
| if (sizeof ((size_t)))
| 	    return 0;
|   ;
|   return 0;
| }
configure:4953: result: yes
configure:4966: checking whether byte ordering is bigendian
configure:4981: gcc -c -O2 -w -DNDEBUG conftest.c >&5
conftest.c:28:9: error: unknown type name 'not'
         not a universal capable compiler
         ^
conftest.c:28:15: error: expected '=', ',', ';', 'asm' or '__attribute__' before 'universal'
         not a universal capable compiler
               ^
conftest.c:28:15: error: unknown type name 'universal'
configure:4981: $? = 1
configure: failed program was:
| /* confdefs.h */
| #define PACKAGE_NAME "UDUNITS"
| #define PACKAGE_TARNAME "udunits"
| #define PACKAGE_VERSION "2.1.21"
| #define PACKAGE_STRING "UDUNITS 2.1.21"
| #define PACKAGE_BUGREPORT "support-udunits@unidata.ucar.edu"
| #define PACKAGE_URL ""
| #define PACKAGE "udunits"
| #define VERSION "2.1.21"
| #define STDC_HEADERS 1
| #define HAVE_SYS_TYPES_H 1
| #define HAVE_SYS_STAT_H 1
| #define HAVE_STDLIB_H 1
| #define HAVE_STRING_H 1
| #define HAVE_MEMORY_H 1
| #define HAVE_STRINGS_H 1
| #define HAVE_INTTYPES_H 1
| #define HAVE_STDINT_H 1
| #define HAVE_UNISTD_H 1
| #define HAVE_FLOAT_H 1
| #define HAVE_INTTYPES_H 1
| #define HAVE_STDDEF_H 1
| #define HAVE_STDLIB_H 1
| #define HAVE_STRING_H 1
| #define HAVE_STRINGS_H 1
| /* end confdefs.h.  */
| #ifndef __APPLE_CC__
| 	       not a universal capable compiler
| 	     #endif
| 	     typedef int dummy;
| 
configure:5026: gcc -c -O2 -w -DNDEBUG conftest.c >&5
configure:5026: $? = 0
configure:5044: gcc -c -O2 -w -DNDEBUG conftest.c >&5
conftest.c: In function 'main':
conftest.c:34:4: error: unknown type name 'not'
    not big endian
    ^
conftest.c:34:12: error: expected '=', ',', ';', 'asm' or '__attribute__' before 'endian'
    not big endian
            ^
configure:5044: $? = 1
configure: failed program was:
| /* confdefs.h */
| #define PACKAGE_NAME "UDUNITS"
| #define PACKAGE_TARNAME "udunits"
| #define PACKAGE_VERSION "2.1.21"
| #define PACKAGE_STRING "UDUNITS 2.1.21"
| #define PACKAGE_BUGREPORT "support-udunits@unidata.ucar.edu"
| #define PACKAGE_URL ""
| #define PACKAGE "udunits"
| #define VERSION "2.1.21"
| #define STDC_HEADERS 1
| #define HAVE_SYS_TYPES_H 1
| #define HAVE_SYS_STAT_H 1
| #define HAVE_STDLIB_H 1
| #define HAVE_STRING_H 1
| #define HAVE_MEMORY_H 1
| #define HAVE_STRINGS_H 1
| #define HAVE_INTTYPES_H 1
| #define HAVE_STDINT_H 1
| #define HAVE_UNISTD_H 1
| #define HAVE_FLOAT_H 1
| #define HAVE_INTTYPES_H 1
| #define HAVE_STDDEF_H 1
| #define HAVE_STDLIB_H 1
| #define HAVE_STRING_H 1
| #define HAVE_STRINGS_H 1
| /* end confdefs.h.  */
| #include <sys/types.h>
| 		#include <sys/param.h>
| 
| int
| main ()
| {
| #if BYTE_ORDER != BIG_ENDIAN
| 		 not big endian
| 		#endif
| 
|   ;
|   return 0;
| }
configure:5172: result: no
configure:5202: checking for floor
configure:5202: gcc -o conftest -O2 -w -DNDEBUG  conftest.c -lexpat -lm  >&5
configure:5202: $? = 0
configure:5202: result: yes
configure:5202: checking for memmove
configure:5202: gcc -o conftest -O2 -w -DNDEBUG  conftest.c -lexpat -lm  >&5
configure:5202: $? = 0
configure:5202: result: yes
configure:5202: checking for memset
configure:5202: gcc -o conftest -O2 -w -DNDEBUG  conftest.c -lexpat -lm  >&5
configure:5202: $? = 0
configure:5202: result: yes
configure:5202: checking for modf
configure:5202: gcc -o conftest -O2 -w -DNDEBUG  conftest.c -lexpat -lm  >&5
configure:5202: $? = 0
configure:5202: result: yes
configure:5202: checking for pow
configure:5202: gcc -o conftest -O2 -w -DNDEBUG  conftest.c -lexpat -lm  >&5
configure:5202: $? = 0
configure:5202: result: yes
configure:5202: checking for strcasecmp
configure:5202: gcc -o conftest -O2 -w -DNDEBUG  conftest.c -lexpat -lm  >&5
configure:5202: $? = 0
configure:5202: result: yes
configure:5202: checking for strdup
configure:5202: gcc -o conftest -O2 -w -DNDEBUG  conftest.c -lexpat -lm  >&5
configure:5202: $? = 0
configure:5202: result: yes
configure:5202: checking for strpbrk
configure:5202: gcc -o conftest -O2 -w -DNDEBUG  conftest.c -lexpat -lm  >&5
configure:5202: $? = 0
configure:5202: result: yes
configure:5241: checking build system type
configure:5255: result: x86_64-unknown-linux-gnu
configure:5275: checking host system type
configure:5288: result: x86_64-unknown-linux-gnu
configure:5329: checking how to print strings
configure:5356: result: printf
configure:5377: checking for a sed that does not truncate output
configure:5441: result: /bin/sed
configure:5459: checking for fgrep
configure:5521: result: /bin/grep -F
configure:5556: checking for ld used by gcc
configure:5623: result: /usr/bin/ld
configure:5630: checking if the linker (/usr/bin/ld) is GNU ld
configure:5645: result: yes
configure:5657: checking for BSD- or MS-compatible name lister (nm)
configure:5706: result: /usr/bin/nm -B
configure:5836: checking the name lister (/usr/bin/nm -B) interface
configure:5843: gcc -c -O2 -w -DNDEBUG conftest.c >&5
configure:5846: /usr/bin/nm -B "conftest.o"
configure:5849: output
0000000000000000 B some_variable
configure:5856: result: BSD nm
configure:5860: checking the maximum length of command line arguments
configure:5985: result: 1572864
configure:6002: checking whether the shell understands some XSI constructs
configure:6012: result: yes
configure:6016: checking whether the shell understands "+="
configure:6022: result: yes
configure:6057: checking how to convert x86_64-unknown-linux-gnu file names to x86_64-unknown-linux-gnu format
configure:6097: result: func_convert_file_noop
configure:6104: checking how to convert x86_64-unknown-linux-gnu file names to toolchain format
configure:6124: result: func_convert_file_noop
configure:6131: checking for /usr/bin/ld option to reload object files
configure:6138: result: -r
configure:6212: checking for objdump
configure:6228: found /usr/bin/objdump
configure:6239: result: objdump
configure:6271: checking how to recognize dependent libraries
configure:6473: result: pass_all
configure:6558: checking for dlltool
configure:6588: result: no
configure:6618: checking how to associate runtime and link libraries
configure:6645: result: printf %s\n
configure:6705: checking for ar
configure:6721: found /usr/bin/ar
configure:6732: result: ar
configure:6769: checking for archiver @FILE support
configure:6786: gcc -c -O2 -w -DNDEBUG conftest.c >&5
configure:6786: $? = 0
configure:6789: ar cru libconftest.a @conftest.lst >&5
configure:6792: $? = 0
configure:6797: ar cru libconftest.a @conftest.lst >&5
ar: conftest.o: No such file or directory
configure:6800: $? = 1
configure:6812: result: @
configure:6870: checking for strip
configure:6886: found /usr/bin/strip
configure:6897: result: strip
configure:6969: checking for ranlib
configure:6985: found /usr/bin/ranlib
configure:6996: result: ranlib
configure:7098: checking command to parse /usr/bin/nm -B output from gcc object
configure:7217: gcc -c -O2 -w -DNDEBUG conftest.c >&5
configure:7220: $? = 0
configure:7224: /usr/bin/nm -B conftest.o \| sed -n -e 's/^.*[ ]\([ABCDGIRSTW][ABCDGIRSTW]*\)[ ][ ]*\([_A-Za-z][_A-Za-z0-9]*\)$/\1 \2 \2/p' | sed '/ __gnu_lto/d' \> conftest.nm
configure:7227: $? = 0
configure:7293: gcc -o conftest -O2 -w -DNDEBUG  conftest.c conftstm.o >&5
configure:7296: $? = 0
configure:7334: result: ok
configure:7371: checking for sysroot
configure:7401: result: no
configure:7478: gcc -c -O2 -w -DNDEBUG conftest.c >&5
configure:7481: $? = 0
configure:7644: checking for mt
configure:7660: found /bin/mt
configure:7671: result: mt
configure:7694: checking if mt is a manifest tool
configure:7700: mt '-?'
configure:7708: result: no
configure:8337: checking for dlfcn.h
configure:8337: gcc -c -O2 -w -DNDEBUG conftest.c >&5
configure:8337: $? = 0
configure:8337: result: yes
configure:8524: checking for objdir
configure:8539: result: .libs
configure:8806: checking if gcc supports -fno-rtti -fno-exceptions
configure:8824: gcc -c -O2 -w -DNDEBUG -fno-rtti -fno-exceptions conftest.c >&5
configure:8828: $? = 0
configure:8841: result: yes
configure:9151: checking for gcc option to produce PIC
configure:9158: result: -fPIC -DPIC
configure:9166: checking if gcc PIC flag -fPIC -DPIC works
configure:9184: gcc -c -O2 -w -DNDEBUG -fPIC -DPIC -DPIC conftest.c >&5
configure:9188: $? = 0
configure:9201: result: yes
configure:9230: checking if gcc static flag -static works
configure:9258: result: yes
configure:9273: checking if gcc supports -c -o file.o
configure:9294: gcc -c -O2 -w -DNDEBUG -o out/conftest2.o conftest.c >&5
configure:9298: $? = 0
configure:9320: result: yes
configure:9328: checking if gcc supports -c -o file.o
configure:9375: result: yes
configure:9408: checking whether the gcc linker (/usr/bin/ld -m elf_x86_64) supports shared libraries
configure:10566: result: yes
configure:10811: checking dynamic linker characteristics
configure:11325: gcc -o conftest -O2 -w -DNDEBUG  -Wl,-rpath -Wl,/foo conftest.c -lexpat -lm  >&5
configure:11325: $? = 0
configure:11547: result: GNU/Linux ld.so
configure:11654: checking how to hardcode library paths into programs
configure:11679: result: immediate
configure:12219: checking whether stripping libraries is possible
configure:12224: result: yes
configure:12259: checking if libtool supports shared libraries
configure:12261: result: yes
configure:12264: checking whether to build shared libraries
configure:12285: result: no
configure:12288: checking whether to build static libraries
configure:12292: result: yes
configure:12481: creating ./config.status

## ---------------------- ##
## Running config.status. ##
## ---------------------- ##

This file was extended by UDUNITS config.status 2.1.21, which was
generated by GNU Autoconf 2.68.  Invocation command line was

  CONFIG_FILES    = 
  CONFIG_HEADERS  = 
  CONFIG_LINKS    = 
  CONFIG_COMMANDS = 
  $ ./config.status 

on ubuntu

config.status:1126: creating Makefile
config.status:1126: creating expat/Makefile
config.status:1126: creating lib/Makefile
config.status:1126: creating lib/xmlFailures/Makefile
config.status:1126: creating lib/xmlSuccesses/Makefile
config.status:1126: creating prog/Makefile
config.status:1126: creating test/Makefile
config.status:1126: creating config.h
config.status:1126: creating expat/expat_config.h
config.status:1355: executing depfiles commands
config.status:1355: executing libtool commands

## ---------------- ##
## Cache variables. ##
## ---------------- ##

ac_cv_build=x86_64-unknown-linux-gnu
ac_cv_c_bigendian=no
ac_cv_c_compiler_gnu=yes
ac_cv_c_const=yes
ac_cv_env_CC_set=set
ac_cv_env_CC_value=gcc
ac_cv_env_CFLAGS_set=set
ac_cv_env_CFLAGS_value='-O2 -w'
ac_cv_env_CPPFLAGS_set=
ac_cv_env_CPPFLAGS_value=
ac_cv_env_CPP_set=
ac_cv_env_CPP_value=
ac_cv_env_LDFLAGS_set=set
ac_cv_env_LDFLAGS_value=
ac_cv_env_LIBS_set=
ac_cv_env_LIBS_value=
ac_cv_env_YACC_set=
ac_cv_env_YACC_value=
ac_cv_env_YFLAGS_set=
ac_cv_env_YFLAGS_value=
ac_cv_env_build_alias_set=
ac_cv_env_build_alias_value=
ac_cv_env_host_alias_set=
ac_cv_env_host_alias_value=
ac_cv_env_target_alias_set=
ac_cv_env_target_alias_value=
ac_cv_func_floor=yes
ac_cv_func_memmove=yes
ac_cv_func_memset=yes
ac_cv_func_modf=yes
ac_cv_func_pow=yes
ac_cv_func_strcasecmp=yes
ac_cv_func_strdup=yes
ac_cv_func_strpbrk=yes
ac_cv_header_CUnit_CUnit_h=no
ac_cv_header_dlfcn_h=yes
ac_cv_header_float_h=yes
ac_cv_header_inttypes_h=yes
ac_cv_header_memory_h=yes
ac_cv_header_stdc=yes
ac_cv_header_stddef_h=yes
ac_cv_header_stdint_h=yes
ac_cv_header_stdlib_h=yes
ac_cv_header_string_h=yes
ac_cv_header_strings_h=yes
ac_cv_header_sys_stat_h=yes
ac_cv_header_sys_types_h=yes
ac_cv_header_unistd_h=yes
ac_cv_host=x86_64-unknown-linux-gnu
ac_cv_objext=o
ac_cv_path_EGREP='/bin/grep -E'
ac_cv_path_FGREP='/bin/grep -F'
ac_cv_path_GREP=/bin/grep
ac_cv_path_SED=/bin/sed
ac_cv_path_install='/usr/bin/install -c'
ac_cv_path_mkdir=/bin/mkdir
ac_cv_prog_AWK=mawk
ac_cv_prog_CPP='gcc -E'
ac_cv_prog_ac_ct_AR=ar
ac_cv_prog_ac_ct_CC=gcc
ac_cv_prog_ac_ct_MANIFEST_TOOL=mt
ac_cv_prog_ac_ct_OBJDUMP=objdump
ac_cv_prog_ac_ct_RANLIB=ranlib
ac_cv_prog_ac_ct_STRIP=strip
ac_cv_prog_cc_c89=
ac_cv_prog_cc_g=yes
ac_cv_prog_cc_gcc_c_o=yes
ac_cv_prog_make_make_set=yes
ac_cv_search_XML_StopParser=-lexpat
ac_cv_search_dirname='none required'
ac_cv_search_log10=-lm
ac_cv_type_size_t=yes
am_cv_CC_dependencies_compiler_type=gcc3
lt_cv_ar_at_file=@
lt_cv_deplibs_check_method=pass_all
lt_cv_file_magic_cmd='$MAGIC_CMD'
lt_cv_file_magic_test_file=
lt_cv_ld_reload_flag=-r
lt_cv_nm_interface='BSD nm'
lt_cv_objdir=.libs
lt_cv_path_LD=/usr/bin/ld
lt_cv_path_NM='/usr/bin/nm -B'
lt_cv_path_mainfest_tool=no
lt_cv_prog_compiler_c_o=yes
lt_cv_prog_compiler_pic='-fPIC -DPIC'
lt_cv_prog_compiler_pic_works=yes
lt_cv_prog_compiler_rtti_exceptions=yes
lt_cv_prog_compiler_static_works=yes
lt_cv_prog_gnu_ld=yes
lt_cv_sharedlib_from_linklib_cmd='printf %s\n'
lt_cv_shlibpath_overrides_runpath=no
lt_cv_sys_global_symbol_pipe='sed -n -e '\''s/^.*[	 ]\([ABCDGIRSTW][ABCDGIRSTW]*\)[	 ][	 ]*\([_A-Za-z][_A-Za-z0-9]*\)$/\1 \2 \2/p'\'' | sed '\''/ __gnu_lto/d'\'''
lt_cv_sys_global_symbol_to_c_name_address='sed -n -e '\''s/^: \([^ ]*\)[ ]*$/  {\"\1\", (void *) 0},/p'\'' -e '\''s/^[ABCDGIRSTW]* \([^ ]*\) \([^ ]*\)$/  {"\2", (void *) \&\2},/p'\'''
lt_cv_sys_global_symbol_to_c_name_address_lib_prefix='sed -n -e '\''s/^: \([^ ]*\)[ ]*$/  {\"\1\", (void *) 0},/p'\'' -e '\''s/^[ABCDGIRSTW]* \([^ ]*\) \(lib[^ ]*\)$/  {"\2", (void *) \&\2},/p'\'' -e '\''s/^[ABCDGIRSTW]* \([^ ]*\) \([^ ]*\)$/  {"lib\2", (void *) \&\2},/p'\'''
lt_cv_sys_global_symbol_to_cdecl='sed -n -e '\''s/^T .* \(.*\)$/extern int \1();/p'\'' -e '\''s/^[ABCDGIRSTW]* .* \(.*\)$/extern char \1;/p'\'''
lt_cv_sys_max_cmd_len=1572864
lt_cv_to_host_file_cmd=func_convert_file_noop
lt_cv_to_tool_file_cmd=func_convert_file_noop

## ----------------- ##
## Output variables. ##
## ----------------- ##

ACLOCAL='${SHELL} /home/mengbinzhu/pfldp/ropp-7.0/netcdf-4.1.3/udunits/missing --run aclocal-1.11'
AMDEPBACKSLASH='\'
AMDEP_FALSE='#'
AMDEP_TRUE=''
AMTAR='${SHELL} /home/mengbinzhu/pfldp/ropp-7.0/netcdf-4.1.3/udunits/missing --run tar'
AR='ar'
AUTOCONF='${SHELL} /home/mengbinzhu/pfldp/ropp-7.0/netcdf-4.1.3/udunits/missing --run autoconf'
AUTOHEADER='${SHELL} /home/mengbinzhu/pfldp/ropp-7.0/netcdf-4.1.3/udunits/missing --run autoheader'
AUTOMAKE='${SHELL} /home/mengbinzhu/pfldp/ropp-7.0/netcdf-4.1.3/udunits/missing --run automake-1.11'
AWK='mawk'
CC='gcc'
CCDEPMODE='depmode=gcc3'
CFLAGS='-O2 -w'
CFLAGS_COVERAGE=''
COND_EXPAT_FALSE=''
COND_EXPAT_TRUE='#'
CPP='gcc -E'
CPPFLAGS='-DNDEBUG'
CYGPATH_W='echo'
DEBUG_FALSE=''
DEBUG_TRUE='#'
DEFS='-DHAVE_CONFIG_H'
DEPDIR='.deps'
DLLTOOL='false'
DSYMUTIL=''
DUMPBIN=''
ECHO_C=''
ECHO_N='-n'
ECHO_T=''
EGREP='/bin/grep -E'
ENABLE_UDUNITS_1_FALSE='#'
ENABLE_UDUNITS_1_TRUE=''
EXEEXT=''
FGREP='/bin/grep -F'
GREP='/bin/grep'
HAVE_CUNIT_FALSE=''
HAVE_CUNIT_TRUE='#'
INSTALL_DATA='${INSTALL} -m 644'
INSTALL_PROGRAM='${INSTALL}'
INSTALL_SCRIPT='${INSTALL}'
INSTALL_STRIP_PROGRAM='$(install_sh) -c -s'
LD='/usr/bin/ld -m elf_x86_64'
LDFLAGS=''
LD_CUNIT=''
LEX='${SHELL} /home/mengbinzhu/pfldp/ropp-7.0/netcdf-4.1.3/udunits/missing --run flex'
LEXLIB=''
LEX_OUTPUT_ROOT=''
LIBOBJS=''
LIBS='-lexpat -lm '
LIBS_COVERAGE=''
LIBTOOL='$(SHELL) $(top_builddir)/libtool'
LIPO=''
LN_S='ln -s'
LTLIBOBJS=''
MAKEINFO='${SHELL} /home/mengbinzhu/pfldp/ropp-7.0/netcdf-4.1.3/udunits/missing --run makeinfo'
MANIFEST_TOOL=':'
MKDIR_P='/bin/mkdir -p'
NM='/usr/bin/nm -B'
NMEDIT=''
OBJDUMP='objdump'
OBJEXT='o'
OTOOL64=''
OTOOL=''
PACKAGE='udunits'
PACKAGE_BUGREPORT='support-udunits@unidata.ucar.edu'
PACKAGE_NAME='UDUNITS'
PACKAGE_STRING='UDUNITS 2.1.21'
PACKAGE_TARNAME='udunits'
PACKAGE_URL=''
PACKAGE_VERSION='2.1.21'
PATH_SEPARATOR=':'
RANLIB='ranlib'
SED='/bin/sed'
SET_MAKE=''
SHELL='/bin/bash'
STRIP='strip'
VERSION='2.1.21'
YACC='yacc'
YFLAGS=''
ac_ct_AR='ar'
ac_ct_CC='gcc'
ac_ct_DUMPBIN=''
am__EXEEXT_FALSE=''
am__EXEEXT_TRUE='#'
am__fastdepCC_FALSE='#'
am__fastdepCC_TRUE=''
am__include='include'
am__isrc=''
am__leading_dot='.'
am__quote=''
am__tar='${AMTAR} chof - "$$tardir"'
am__untar='${AMTAR} xf -'
bindir='${exec_prefix}/bin'
build='x86_64-unknown-linux-gnu'
build_alias=''
build_cpu='x86_64'
build_os='linux-gnu'
build_vendor='unknown'
datadir='${datarootdir}'
datarootdir='${prefix}/share'
docdir='${datarootdir}/doc/${PACKAGE_TARNAME}'
dvidir='${docdir}'
exec_prefix='${prefix}'
host='x86_64-unknown-linux-gnu'
host_alias=''
host_cpu='x86_64'
host_os='linux-gnu'
host_vendor='unknown'
htmldir='${docdir}'
includedir='${prefix}/include'
infodir='${datarootdir}/info'
install_sh='${SHELL} /home/mengbinzhu/pfldp/ropp-7.0/netcdf-4.1.3/udunits/install-sh'
libdir='${exec_prefix}/lib'
libexecdir='${exec_prefix}/libexec'
localedir='${datarootdir}/locale'
localstatedir='${prefix}/var'
mandir='${datarootdir}/man'
mkdir_p='/bin/mkdir -p'
oldincludedir='/usr/include'
pdfdir='${docdir}'
prefix='/home/mengbinzhu/pfldp/ropp-7.0/gfortran'
program_transform_name='s,x,x,'
psdir='${docdir}'
sbindir='${exec_prefix}/sbin'
sharedstatedir='${prefix}/com'
sysconfdir='${prefix}/etc'
target_alias=''

## ----------- ##
## confdefs.h. ##
## ----------- ##

/* confdefs.h */
#define PACKAGE_NAME "UDUNITS"
#define PACKAGE_TARNAME "udunits"
#define PACKAGE_VERSION "2.1.21"
#define PACKAGE_STRING "UDUNITS 2.1.21"
#define PACKAGE_BUGREPORT "support-udunits@unidata.ucar.edu"
#define PACKAGE_URL ""
#define PACKAGE "udunits"
#define VERSION "2.1.21"
#define STDC_HEADERS 1
#define HAVE_SYS_TYPES_H 1
#define HAVE_SYS_STAT_H 1
#define HAVE_STDLIB_H 1
#define HAVE_STRING_H 1
#define HAVE_MEMORY_H 1
#define HAVE_STRINGS_H 1
#define HAVE_INTTYPES_H 1
#define HAVE_STDINT_H 1
#define HAVE_UNISTD_H 1
#define HAVE_FLOAT_H 1
#define HAVE_INTTYPES_H 1
#define HAVE_STDDEF_H 1
#define HAVE_STDLIB_H 1
#define HAVE_STRING_H 1
#define HAVE_STRINGS_H 1
#define BYTEORDER 1234
#define XML_CONTEXT_BYTES 1024
#define HAVE_FLOOR 1
#define HAVE_MEMMOVE 1
#define HAVE_MEMSET 1
#define HAVE_MODF 1
#define HAVE_POW 1
#define HAVE_STRCASECMP 1
#define HAVE_STRDUP 1
#define HAVE_STRPBRK 1
#define HAVE_DLFCN_H 1
#define LT_OBJDIR ".libs/"

configure: exit 0
