This file contains any messages produced by compilers while
running configure, to aid debugging if configure makes a mistake.

It was created by ropp_utils configure 7.0, which was
generated by GNU Autoconf 2.63.  Invocation command line was

  $ ./configure --prefix=/home/mengbinzhu/pfldp/ropp-7.0/gfortran

## --------- ##
## Platform. ##
## --------- ##

hostname = ubuntu
uname -m = x86_64
uname -r = 3.13.0-40-generic
uname -s = Linux
uname -v = #69-Ubuntu SMP Thu Nov 13 17:53:56 UTC 2014

/usr/bin/uname -p = unknown
/bin/uname -X     = unknown

/bin/arch              = unknown
/usr/bin/arch -k       = unknown
/usr/convex/getsysinfo = unknown
/usr/bin/hostinfo      = unknown
/bin/machine           = unknown
/usr/bin/oslevel       = unknown
/bin/universe          = unknown

PATH: /opt/intel/composer_xe_2011_sp1.7.256/bin/intel64
PATH: /usr/local/sbin
PATH: /usr/local/bin
PATH: /usr/sbin
PATH: /usr/bin
PATH: /sbin
PATH: /bin
PATH: /usr/games
PATH: /usr/local/games
PATH: /opt/intel/composer_xe_2011_sp1.7.256/mpirt/bin/intel64
PATH: /home/mengbinzhu/local/lapack-3.5.0/
PATH: /home/mengbinzhu/pfldp/ropp-7.0/gfortran/bin


## ----------- ##
## Core tests. ##
## ----------- ##

configure:1858: checking for a BSD-compatible install
configure:1926: result: /usr/bin/install -c
configure:1937: checking whether build environment is sane
configure:1997: result: yes
configure:2138: checking for a thread-safe mkdir -p
configure:2177: result: /bin/mkdir -p
configure:2190: checking for gawk
configure:2220: result: no
configure:2190: checking for mawk
configure:2206: found /usr/bin/mawk
configure:2217: result: mawk
configure:2228: checking whether make sets $(MAKE)
configure:2250: result: yes
configure:2339: checking build system type
configure:2357: result: x86_64-unknown-linux
configure:2379: checking host system type
configure:2394: result: x86_64-unknown-linux
configure:2526: checking for Fortran compiler version
configure:2534: gfortran --version >&5
GNU Fortran (Ubuntu 4.8.2-19ubuntu1) 4.8.2
Copyright (C) 2013 Free Software Foundation, Inc.

GNU Fortran comes with NO WARRANTY, to the extent permitted by law.
You may redistribute copies of GNU Fortran
under the terms of the GNU General Public License.
For more information about these matters, see the file named COPYING

configure:2538: $? = 0
configure:2545: gfortran -v >&5
Using built-in specs.
COLLECT_GCC=gfortran
COLLECT_LTO_WRAPPER=/usr/lib/gcc/x86_64-linux-gnu/4.8/lto-wrapper
Target: x86_64-linux-gnu
Configured with: ../src/configure -v --with-pkgversion='Ubuntu 4.8.2-19ubuntu1' --with-bugurl=file:///usr/share/doc/gcc-4.8/README.Bugs --enable-languages=c,c++,java,go,d,fortran,objc,obj-c++ --prefix=/usr --program-suffix=-4.8 --enable-shared --enable-linker-build-id --libexecdir=/usr/lib --without-included-gettext --enable-threads=posix --with-gxx-include-dir=/usr/include/c++/4.8 --libdir=/usr/lib --enable-nls --with-sysroot=/ --enable-clocale=gnu --enable-libstdcxx-debug --enable-libstdcxx-time=yes --enable-gnu-unique-object --disable-libmudflap --enable-plugin --with-system-zlib --disable-browser-plugin --enable-java-awt=gtk --enable-gtk-cairo --with-java-home=/usr/lib/jvm/java-1.5.0-gcj-4.8-amd64/jre --enable-java-home --with-jvm-root-dir=/usr/lib/jvm/java-1.5.0-gcj-4.8-amd64 --with-jvm-jar-dir=/usr/lib/jvm-exports/java-1.5.0-gcj-4.8-amd64 --with-arch-directory=amd64 --with-ecj-jar=/usr/share/java/eclipse-ecj.jar --enable-objc-gc --enable-multiarch --disable-werror --with-arch-32=i686 --with-abi=m64 --with-multilib-list=m32,m64,mx32 --with-tune=generic --enable-checking=release --build=x86_64-linux-gnu --host=x86_64-linux-gnu --target=x86_64-linux-gnu
Thread model: posix
gcc version 4.8.2 (Ubuntu 4.8.2-19ubuntu1) 
configure:2549: $? = 0
configure:2556: gfortran -V >&5
gfortran: error: unrecognized command line option '-V'
gfortran: fatal error: no input files
compilation terminated.
configure:2560: $? = 4
configure:2574: checking for Fortran compiler default output file name
configure:2596: gfortran -O2 -I/home/mengbinzhu/pfldp/ropp-7.0/gfortran/include -L/home/mengbinzhu/pfldp/ropp-7.0/gfortran/lib -L/home/mengbinzhu/pfldp/ropp-7.0/gfortran/lib64  conftest.f  >&5
configure:2600: $? = 0
configure:2638: result: a.out
configure:2657: checking whether the Fortran compiler works
configure:2667: ./a.out
configure:2671: $? = 0
configure:2690: result: yes
configure:2697: checking whether we are cross compiling
configure:2699: result: no
configure:2702: checking for suffix of executables
configure:2709: gfortran -o conftest -O2 -I/home/mengbinzhu/pfldp/ropp-7.0/gfortran/include -L/home/mengbinzhu/pfldp/ropp-7.0/gfortran/lib -L/home/mengbinzhu/pfldp/ropp-7.0/gfortran/lib64  conftest.f  >&5
configure:2713: $? = 0
configure:2739: result: 
configure:2745: checking for suffix of object files
configure:2761: gfortran -c -O2 -I/home/mengbinzhu/pfldp/ropp-7.0/gfortran/include  conftest.f >&5
configure:2765: $? = 0
configure:2790: result: o
configure:2798: checking whether we are using the GNU Fortran compiler
configure:2817: gfortran -c -O2 -I/home/mengbinzhu/pfldp/ropp-7.0/gfortran/include  conftest.F >&5
conftest.F:4:0: error: #endif without #if
 #endif
 ^
conftest.F:2.7:

      #ifndef 4                                                         
       1
Error: Invalid character in name at (1)
conftest.F:3.7:

       choke me                                                         
       1
Error: Unclassifiable statement at (1)
configure:2824: $? = 1
configure: failed program was:
|       program main
|       #ifndef __GNUC__
|        choke me
| #endif
| 
|       end program main
configure:2841: result: no
configure:2847: checking whether gfortran accepts -g
configure:2864: gfortran -c -g  conftest.f >&5
configure:2871: $? = 0
configure:2887: result: yes
configure:2911: checking for Fortran compiler vendor
configure:2947: result: GCC
configure:2994: checking for ranlib
configure:3010: found /usr/bin/ranlib
configure:3021: result: ranlib
configure:3045: checking for m4
configure:3078: result: no
configure:3085: checking for robodoc
configure:3118: result: no
configure:3125: checking for svn2cl
configure:3158: result: no
configure:3173: checking for Fortran flag to compile .f90 files
configure:3195: gfortran -c -O2 -I/home/mengbinzhu/pfldp/ropp-7.0/gfortran/include  conftest.f90 >&5
configure:3202: $? = 0
configure:3221: result: none
configure:3244: checking for Fortran flag needed to allow free-form source
configure:3269: gfortran -c -O2 -I/home/mengbinzhu/pfldp/ropp-7.0/gfortran/include  conftest.f >&5
conftest.f:2.3:

  program freeform                                                      
   1
Error: Non-numeric character in statement label at (1)
conftest.f:2.3:

  program freeform                                                      
   1
Error: Unclassifiable statement at (1)
conftest.f:4.26:

       print *, 'Hello ', &                                             
                          1
Error: Expected expression in PRINT statement at (1)
conftest.f:5.12:

           'world.'                                                     
            1
Error: Invalid character in name at (1)
configure:3276: $? = 1
configure: failed program was:
| 
|   program freeform
|        ! FIXME: how to best confuse non-freeform compilers?
|        print *, 'Hello ', &
|            'world.'
|        end
configure:3269: gfortran -c -O2 -I/home/mengbinzhu/pfldp/ropp-7.0/gfortran/include -ffree-form  conftest.f >&5
configure:3276: $? = 0
configure:3295: result: -ffree-form
configure:3476: checking whether compiler uses upper case module names
configure:3483: result: no
configure:3528: checking for Fortran whether backslash escapes
configure:3547: gfortran -c -O2 -I/home/mengbinzhu/pfldp/ropp-7.0/gfortran/include -ffree-form  conftest.f >&5
conftest.f:4.6:

      string='\' '
      1
Error: Unclassifiable statement at (1)
configure:3554: $? = 1
configure: failed program was:
|       program backslash
|       character string*3
| 
|       string='\' '
|       end
| 
configure:3569: result: no
configure:3629: checking for Fortran module typesizes
configure:3645: gfortran -c -O2 -I/home/mengbinzhu/pfldp/ropp-7.0/gfortran/include -ffree-form  conftest.f >&5
configure:3652: $? = 0
configure:3667: result: yes
configure:3892: creating ./config.status

## ---------------------- ##
## Running config.status. ##
## ---------------------- ##

This file was extended by ropp_utils config.status 7.0, which was
generated by GNU Autoconf 2.63.  Invocation command line was

  CONFIG_FILES    = 
  CONFIG_HEADERS  = 
  CONFIG_LINKS    = 
  CONFIG_COMMANDS = 
  $ ./config.status 

on ubuntu

config.status:710: creating Makefile
config.status:710: creating common/Makefile
config.status:710: creating build/Makefile
config.status:710: creating arrays/Makefile
config.status:710: creating compilers/Makefile
config.status:710: creating coordinates/Makefile
config.status:710: creating datetime/Makefile
config.status:710: creating doc/Makefile
config.status:710: creating geodesy/Makefile
config.status:710: creating ropp_messages/Makefile
config.status:710: creating unitconvert/Makefile
config.status:710: creating tests/Makefile

## ---------------- ##
## Cache variables. ##
## ---------------- ##

ac_cv_build=x86_64-unknown-linux
ac_cv_env_FCFLAGS_set=set
ac_cv_env_FCFLAGS_value='-O2 -I/home/mengbinzhu/pfldp/ropp-7.0/gfortran/include'
ac_cv_env_FC_set=set
ac_cv_env_FC_value=gfortran
ac_cv_env_LDFLAGS_set=set
ac_cv_env_LDFLAGS_value='-L/home/mengbinzhu/pfldp/ropp-7.0/gfortran/lib -L/home/mengbinzhu/pfldp/ropp-7.0/gfortran/lib64'
ac_cv_env_LIBS_set=
ac_cv_env_LIBS_value=
ac_cv_env_build_alias_set=
ac_cv_env_build_alias_value=
ac_cv_env_host_alias_set=
ac_cv_env_host_alias_value=
ac_cv_env_target_alias_set=
ac_cv_env_target_alias_value=
ac_cv_fc_backslash_escape=no
ac_cv_fc_compiler_gnu=no
ac_cv_fc_freeform=-ffree-form
ac_cv_host=x86_64-unknown-linux
ac_cv_objext=o
ac_cv_path_install='/usr/bin/install -c'
ac_cv_path_mkdir=/bin/mkdir
ac_cv_prog_AWK=mawk
ac_cv_prog_ac_ct_RANLIB=ranlib
ac_cv_prog_fc_g=yes
ac_cv_prog_make_make_set=yes
ac_cv_uc_modnames=no
cm_cv_fc_srcext_f90=none

## ----------------- ##
## Output variables. ##
## ----------------- ##

ACLOCAL='${SHELL} /home/mengbinzhu/pfldp/ropp-7.0/ropp_utils/missing --run aclocal-1.11'
AMTAR='${SHELL} /home/mengbinzhu/pfldp/ropp-7.0/ropp_utils/missing --run tar'
AM_CCFLAGS=''
AM_CPPFLAGS='-DpgiFortran'
AM_FCFLAGS=' -I../build'
AM_FFLAGS=''
AM_LDFLAGS=''
AUTOCONF='${SHELL} /home/mengbinzhu/pfldp/ropp-7.0/ropp_utils/missing --run autoconf'
AUTOHEADER='${SHELL} /home/mengbinzhu/pfldp/ropp-7.0/ropp_utils/missing --run autoheader'
AUTOMAKE='${SHELL} /home/mengbinzhu/pfldp/ropp-7.0/ropp_utils/missing --run automake-1.11'
AWK='mawk'
CM_FC_UC_MODNAMES_FALSE=''
CM_FC_UC_MODNAMES_TRUE='#'
CM_NATIVE_AIX_FALSE=''
CM_NATIVE_AIX_TRUE='#'
CM_NATIVE_HPUX_FALSE=''
CM_NATIVE_HPUX_TRUE='#'
CYGPATH_W='echo'
DEFS='-DPACKAGE_NAME=\"ropp_utils\" -DPACKAGE_TARNAME=\"ropp_utils\" -DPACKAGE_VERSION=\"7.0\" -DPACKAGE_STRING=\"ropp_utils\ 7.0\" -DPACKAGE_BUGREPORT=\"romsaf@metoffice.gov.uk\" -DPACKAGE=\"ropp_utils\" -DVERSION=\"7.0\" -DHAVE_MODULE_TYPESIZES=1'
ECHO_C=''
ECHO_N='-n'
ECHO_T=''
EXEEXT=''
FC='gfortran'
FCFLAGS='-O2 -I/home/mengbinzhu/pfldp/ropp-7.0/gfortran/include -ffree-form'
FCFLAGS_f90=''
FC_BACKSLASH_ESCAPE_FALSE=''
FC_BACKSLASH_ESCAPE_TRUE='#'
FC_IS_NAG_FALSE=''
FC_IS_NAG_TRUE='#'
INSTALL_DATA='${INSTALL} -m 644'
INSTALL_PROGRAM='${INSTALL}'
INSTALL_SCRIPT='${INSTALL}'
INSTALL_STRIP_PROGRAM='$(install_sh) -c -s'
LDFLAGS='-L/home/mengbinzhu/pfldp/ropp-7.0/gfortran/lib -L/home/mengbinzhu/pfldp/ropp-7.0/gfortran/lib64'
LIBOBJS=''
LIBS=''
LTLIBOBJS=''
M4=''
M4_OPTS=''
MAKEINFO='${SHELL} /home/mengbinzhu/pfldp/ropp-7.0/ropp_utils/missing --run makeinfo'
MKDIR_P='/bin/mkdir -p'
NO_TYPESIZES_FALSE=''
NO_TYPESIZES_TRUE='#'
OBJEXT='o'
PACKAGE='ropp_utils'
PACKAGE_BUGREPORT='romsaf@metoffice.gov.uk'
PACKAGE_NAME='ropp_utils'
PACKAGE_STRING='ropp_utils 7.0'
PACKAGE_TARNAME='ropp_utils'
PACKAGE_VERSION='7.0'
PATH_SEPARATOR=':'
RANLIB='ranlib'
ROBODOC=''
SET_MAKE=''
SHELL='/bin/bash'
STRIP=''
SVN2CL=''
VERSION='7.0'
ac_ct_FC=''
am__EXEEXT_FALSE=''
am__EXEEXT_TRUE='#'
am__isrc=''
am__leading_dot='.'
am__tar='${AMTAR} chof - "$$tardir"'
am__untar='${AMTAR} xf -'
bindir='${exec_prefix}/bin'
build='x86_64-unknown-linux'
build_alias=''
build_cpu='x86_64'
build_os='linux'
build_vendor='unknown'
datadir='${datarootdir}'
datarootdir='${prefix}/share'
docdir='${datarootdir}/doc/${PACKAGE_TARNAME}'
dvidir='${docdir}'
exec_prefix='${prefix}'
host='x86_64-unknown-linux'
host_alias=''
host_cpu='x86_64'
host_os='linux'
host_vendor='unknown'
htmldir='${docdir}'
includedir='${prefix}/include'
infodir='${datarootdir}/info'
install_sh='${SHELL} /home/mengbinzhu/pfldp/ropp-7.0/ropp_utils/install-sh'
libdir='${exec_prefix}/lib'
libexecdir='${exec_prefix}/libexec'
localedir='${datarootdir}/locale'
localstatedir='${prefix}/var'
mandir='${datarootdir}/man'
mkdir_p='/bin/mkdir -p'
oldincludedir='/usr/include'
pdfdir='${docdir}'
prefix='/home/mengbinzhu/pfldp/ropp-7.0/gfortran'
program_transform_name='s,x,x,'
psdir='${docdir}'
sbindir='${exec_prefix}/sbin'
sharedstatedir='${prefix}/com'
sysconfdir='${prefix}/etc'
target_alias=''

## ----------- ##
## confdefs.h. ##
## ----------- ##

#define PACKAGE_NAME "ropp_utils"
#define PACKAGE_TARNAME "ropp_utils"
#define PACKAGE_VERSION "7.0"
#define PACKAGE_STRING "ropp_utils 7.0"
#define PACKAGE_BUGREPORT "romsaf@metoffice.gov.uk"
#define PACKAGE "ropp_utils"
#define VERSION "7.0"
#define HAVE_MODULE_TYPESIZES 1

configure: exit 0
