This file contains any messages produced by compilers while
running configure, to aid debugging if configure makes a mistake.

It was created by src/grib_api.h configure  , which was
generated by GNU Autoconf 2.61a.  Invocation command line was

  $ ./configure --prefix=/home/mengbinzhu/pfldp/ropp-7.0/gfortran --disable-jpeg

## --------- ##
## Platform. ##
## --------- ##

hostname = ubuntu
uname -m = x86_64
uname -r = 3.13.0-40-generic
uname -s = Linux
uname -v = #69-Ubuntu SMP Thu Nov 13 17:53:56 UTC 2014

/usr/bin/uname -p = unknown
/bin/uname -X     = unknown

/bin/arch              = unknown
/usr/bin/arch -k       = unknown
/usr/convex/getsysinfo = unknown
/usr/bin/hostinfo      = unknown
/bin/machine           = unknown
/usr/bin/oslevel       = unknown
/bin/universe          = unknown

PATH: /opt/intel/composer_xe_2011_sp1.7.256/bin/intel64
PATH: /usr/local/sbin
PATH: /usr/local/bin
PATH: /usr/sbin
PATH: /usr/bin
PATH: /sbin
PATH: /bin
PATH: /usr/games
PATH: /usr/local/games
PATH: /opt/intel/composer_xe_2011_sp1.7.256/mpirt/bin/intel64
PATH: /home/mengbinzhu/local/lapack-3.5.0/
PATH: /home/mengbinzhu/pfldp/ropp-7.0/gfortran/bin


## ----------- ##
## Core tests. ##
## ----------- ##

configure:1925: checking whether build environment is sane
configure:1968: result: yes
configure:1989: checking for a BSD-compatible install
configure:2045: result: /usr/bin/install -c
configure:2079: checking for a thread-safe mkdir -p
configure:2118: result: /bin/mkdir -p
configure:2131: checking for gawk
configure:2161: result: no
configure:2131: checking for mawk
configure:2147: found /usr/bin/mawk
configure:2158: result: mawk
configure:2169: checking whether make sets $(MAKE)
configure:2191: result: yes
configure:2531: checking for C compiler version
configure:2539: gcc --version >&5
gcc (Ubuntu 4.8.2-19ubuntu1) 4.8.2
Copyright (C) 2013 Free Software Foundation, Inc.
This is free software; see the source for copying conditions.  There is NO
warranty; not even for MERCHANTABILITY or FITNESS FOR A PARTICULAR PURPOSE.

configure:2543: $? = 0
configure:2550: gcc -v >&5
Using built-in specs.
COLLECT_GCC=gcc
COLLECT_LTO_WRAPPER=/usr/lib/gcc/x86_64-linux-gnu/4.8/lto-wrapper
Target: x86_64-linux-gnu
Configured with: ../src/configure -v --with-pkgversion='Ubuntu 4.8.2-19ubuntu1' --with-bugurl=file:///usr/share/doc/gcc-4.8/README.Bugs --enable-languages=c,c++,java,go,d,fortran,objc,obj-c++ --prefix=/usr --program-suffix=-4.8 --enable-shared --enable-linker-build-id --libexecdir=/usr/lib --without-included-gettext --enable-threads=posix --with-gxx-include-dir=/usr/include/c++/4.8 --libdir=/usr/lib --enable-nls --with-sysroot=/ --enable-clocale=gnu --enable-libstdcxx-debug --enable-libstdcxx-time=yes --enable-gnu-unique-object --disable-libmudflap --enable-plugin --with-system-zlib --disable-browser-plugin --enable-java-awt=gtk --enable-gtk-cairo --with-java-home=/usr/lib/jvm/java-1.5.0-gcj-4.8-amd64/jre --enable-java-home --with-jvm-root-dir=/usr/lib/jvm/java-1.5.0-gcj-4.8-amd64 --with-jvm-jar-dir=/usr/lib/jvm-exports/java-1.5.0-gcj-4.8-amd64 --with-arch-directory=amd64 --with-ecj-jar=/usr/share/java/eclipse-ecj.jar --enable-objc-gc --enable-multiarch --disable-werror --with-arch-32=i686 --with-abi=m64 --with-multilib-list=m32,m64,mx32 --with-tune=generic --enable-checking=release --build=x86_64-linux-gnu --host=x86_64-linux-gnu --target=x86_64-linux-gnu
Thread model: posix
gcc version 4.8.2 (Ubuntu 4.8.2-19ubuntu1) 
configure:2554: $? = 0
configure:2561: gcc -V >&5
gcc: error: unrecognized command line option '-V'
gcc: fatal error: no input files
compilation terminated.
configure:2565: $? = 4
configure:2588: checking for C compiler default output file name
configure:2615: gcc -O2 -w   conftest.c  >&5
configure:2619: $? = 0
configure:2657: result: a.out
configure:2674: checking whether the C compiler works
configure:2684: ./a.out
configure:2688: $? = 0
configure:2705: result: yes
configure:2712: checking whether we are cross compiling
configure:2714: result: no
configure:2717: checking for suffix of executables
configure:2724: gcc -o conftest -O2 -w   conftest.c  >&5
configure:2728: $? = 0
configure:2752: result: 
configure:2758: checking for suffix of object files
configure:2784: gcc -c -O2 -w  conftest.c >&5
configure:2788: $? = 0
configure:2811: result: o
configure:2815: checking whether we are using the GNU C compiler
configure:2844: gcc -c -O2 -w  conftest.c >&5
configure:2851: $? = 0
configure:2868: result: yes
configure:2877: checking whether gcc accepts -g
configure:2907: gcc -c -g  conftest.c >&5
configure:2914: $? = 0
configure:3015: result: yes
configure:3032: checking for gcc option to accept ISO C89
configure:3106: gcc  -c -O2 -w  conftest.c >&5
configure:3113: $? = 0
configure:3136: result: none needed
configure:3165: checking for style of include used by make
configure:3193: result: GNU
configure:3218: checking dependency style of gcc
configure:3309: result: gcc3
configure:3329: checking how to run the C preprocessor
configure:3369: gcc -E  conftest.c
configure:3376: $? = 0
configure:3407: gcc -E  conftest.c
conftest.c:12:28: fatal error: ac_nonexistent.h: No such file or directory
 #include <ac_nonexistent.h>
                            ^
compilation terminated.
configure:3414: $? = 1
configure: failed program was:
| /* confdefs.h.  */
| #define PACKAGE_NAME "src/grib_api.h"
| #define PACKAGE_TARNAME "src-grib_api-h"
| #define PACKAGE_VERSION " "
| #define PACKAGE_STRING "src/grib_api.h  "
| #define PACKAGE_BUGREPORT "Software.Services@ecmwf.int"
| #define GRIB_API_MAIN_VERSION 1.9.9
| #define GRIB_API_MAJOR_VERSION 1
| #define GRIB_API_MINOR_VERSION 9
| #define GRIB_API_REVISION_VERSION 9
| /* end confdefs.h.  */
| #include <ac_nonexistent.h>
configure:3447: result: gcc -E
configure:3476: gcc -E  conftest.c
configure:3483: $? = 0
configure:3514: gcc -E  conftest.c
conftest.c:12:28: fatal error: ac_nonexistent.h: No such file or directory
 #include <ac_nonexistent.h>
                            ^
compilation terminated.
configure:3521: $? = 1
configure: failed program was:
| /* confdefs.h.  */
| #define PACKAGE_NAME "src/grib_api.h"
| #define PACKAGE_TARNAME "src-grib_api-h"
| #define PACKAGE_VERSION " "
| #define PACKAGE_STRING "src/grib_api.h  "
| #define PACKAGE_BUGREPORT "Software.Services@ecmwf.int"
| #define GRIB_API_MAIN_VERSION 1.9.9
| #define GRIB_API_MAJOR_VERSION 1
| #define GRIB_API_MINOR_VERSION 9
| #define GRIB_API_REVISION_VERSION 9
| /* end confdefs.h.  */
| #include <ac_nonexistent.h>
configure:3571: checking for a BSD-compatible install
configure:3627: result: /usr/bin/install -c
configure:3638: checking whether ln -s works
configure:3642: result: yes
configure:3649: checking whether make sets $(MAKE)
configure:3671: result: yes
configure:3723: checking for ranlib
configure:3739: found /usr/bin/ranlib
configure:3750: result: ranlib
configure:3780: checking for bison
configure:3810: result: no
configure:3780: checking for byacc
configure:3810: result: no
configure:3824: checking for flex
configure:3854: result: no
configure:3824: checking for lex
configure:3854: result: no
configure:4137: checking for Fortran 77 compiler version
configure:4145: gfortran --version >&5
GNU Fortran (Ubuntu 4.8.2-19ubuntu1) 4.8.2
Copyright (C) 2013 Free Software Foundation, Inc.

GNU Fortran comes with NO WARRANTY, to the extent permitted by law.
You may redistribute copies of GNU Fortran
under the terms of the GNU General Public License.
For more information about these matters, see the file named COPYING

configure:4149: $? = 0
configure:4156: gfortran -v >&5
Using built-in specs.
COLLECT_GCC=gfortran
COLLECT_LTO_WRAPPER=/usr/lib/gcc/x86_64-linux-gnu/4.8/lto-wrapper
Target: x86_64-linux-gnu
Configured with: ../src/configure -v --with-pkgversion='Ubuntu 4.8.2-19ubuntu1' --with-bugurl=file:///usr/share/doc/gcc-4.8/README.Bugs --enable-languages=c,c++,java,go,d,fortran,objc,obj-c++ --prefix=/usr --program-suffix=-4.8 --enable-shared --enable-linker-build-id --libexecdir=/usr/lib --without-included-gettext --enable-threads=posix --with-gxx-include-dir=/usr/include/c++/4.8 --libdir=/usr/lib --enable-nls --with-sysroot=/ --enable-clocale=gnu --enable-libstdcxx-debug --enable-libstdcxx-time=yes --enable-gnu-unique-object --disable-libmudflap --enable-plugin --with-system-zlib --disable-browser-plugin --enable-java-awt=gtk --enable-gtk-cairo --with-java-home=/usr/lib/jvm/java-1.5.0-gcj-4.8-amd64/jre --enable-java-home --with-jvm-root-dir=/usr/lib/jvm/java-1.5.0-gcj-4.8-amd64 --with-jvm-jar-dir=/usr/lib/jvm-exports/java-1.5.0-gcj-4.8-amd64 --with-arch-directory=amd64 --with-ecj-jar=/usr/share/java/eclipse-ecj.jar --enable-objc-gc --enable-multiarch --disable-werror --with-arch-32=i686 --with-abi=m64 --with-multilib-list=m32,m64,mx32 --with-tune=generic --enable-checking=release --build=x86_64-linux-gnu --host=x86_64-linux-gnu --target=x86_64-linux-gnu
Thread model: posix
gcc version 4.8.2 (Ubuntu 4.8.2-19ubuntu1) 
configure:4160: $? = 0
configure:4167: gfortran -V >&5
gfortran: error: unrecognized command line option '-V'
gfortran: fatal error: no input files
compilation terminated.
configure:4171: $? = 4
configure:4179: checking whether we are using the GNU Fortran 77 compiler
configure:4198: gfortran -c -O2 -w conftest.F >&5
configure:4205: $? = 0
configure:4222: result: yes
configure:4228: checking whether gfortran accepts -g
configure:4245: gfortran -c -g conftest.f >&5
configure:4252: $? = 0
configure:4268: result: yes
configure:4407: checking for Fortran compiler version
configure:4415: gfortran --version >&5
GNU Fortran (Ubuntu 4.8.2-19ubuntu1) 4.8.2
Copyright (C) 2013 Free Software Foundation, Inc.

GNU Fortran comes with NO WARRANTY, to the extent permitted by law.
You may redistribute copies of GNU Fortran
under the terms of the GNU General Public License.
For more information about these matters, see the file named COPYING

configure:4419: $? = 0
configure:4426: gfortran -v >&5
Using built-in specs.
COLLECT_GCC=gfortran
COLLECT_LTO_WRAPPER=/usr/lib/gcc/x86_64-linux-gnu/4.8/lto-wrapper
Target: x86_64-linux-gnu
Configured with: ../src/configure -v --with-pkgversion='Ubuntu 4.8.2-19ubuntu1' --with-bugurl=file:///usr/share/doc/gcc-4.8/README.Bugs --enable-languages=c,c++,java,go,d,fortran,objc,obj-c++ --prefix=/usr --program-suffix=-4.8 --enable-shared --enable-linker-build-id --libexecdir=/usr/lib --without-included-gettext --enable-threads=posix --with-gxx-include-dir=/usr/include/c++/4.8 --libdir=/usr/lib --enable-nls --with-sysroot=/ --enable-clocale=gnu --enable-libstdcxx-debug --enable-libstdcxx-time=yes --enable-gnu-unique-object --disable-libmudflap --enable-plugin --with-system-zlib --disable-browser-plugin --enable-java-awt=gtk --enable-gtk-cairo --with-java-home=/usr/lib/jvm/java-1.5.0-gcj-4.8-amd64/jre --enable-java-home --with-jvm-root-dir=/usr/lib/jvm/java-1.5.0-gcj-4.8-amd64 --with-jvm-jar-dir=/usr/lib/jvm-exports/java-1.5.0-gcj-4.8-amd64 --with-arch-directory=amd64 --with-ecj-jar=/usr/share/java/eclipse-ecj.jar --enable-objc-gc --enable-multiarch --disable-werror --with-arch-32=i686 --with-abi=m64 --with-multilib-list=m32,m64,mx32 --with-tune=generic --enable-checking=release --build=x86_64-linux-gnu --host=x86_64-linux-gnu --target=x86_64-linux-gnu
Thread model: posix
gcc version 4.8.2 (Ubuntu 4.8.2-19ubuntu1) 
configure:4430: $? = 0
configure:4437: gfortran -V >&5
gfortran: error: unrecognized command line option '-V'
gfortran: fatal error: no input files
compilation terminated.
configure:4441: $? = 4
configure:4449: checking whether we are using the GNU Fortran compiler
configure:4468: gfortran -c -O2 -w  conftest.F >&5
configure:4475: $? = 0
configure:4492: result: yes
configure:4498: checking whether gfortran accepts -g
configure:4515: gfortran -c -g  conftest.f >&5
configure:4522: $? = 0
configure:4538: result: yes
configure:4839: checking if Fortran 90 compiler capitalizes .mod filenames
configure:4847: gfortran -c conftest.f90 >&5
configure:4850: $? = 0
configure:4857: result: no
configure:4877: checking if double and float are ieee big endian
configure:4933: gcc -o conftest -O2 -w   conftest.c  >&5
configure:4937: $? = 0
configure:4943: ./conftest
configure:4947: $? = 1
configure: program exited with status 1
configure: failed program was:
| 
|     /* confdefs.h.  */
| #define PACKAGE_NAME "src/grib_api.h"
| #define PACKAGE_TARNAME "src-grib_api-h"
| #define PACKAGE_VERSION " "
| #define PACKAGE_STRING "src/grib_api.h  "
| #define PACKAGE_BUGREPORT "Software.Services@ecmwf.int"
| #define GRIB_API_MAIN_VERSION 1.9.9
| #define GRIB_API_MAJOR_VERSION 1
| #define GRIB_API_MINOR_VERSION 9
| #define GRIB_API_REVISION_VERSION 9
| #define GRIB_PTHREADS 0
| #define GRIB_LINUX_PTHREADS 0
| /* end confdefs.h.  */
| 
|      int compare(unsigned char* a,unsigned char* b) {
|        while(*a != 0) if (*(b++)!=*(a++)) return 1;
|        return 0;
|      }
|      int main(int argc,char** argv) {
|        unsigned char dc[]={0x30,0x61,0xDE,0x80,0x93,0x67,0xCC,0xD9,0};
|        double da=1.23456789e-75;
|        unsigned char* ca;
| 
|        unsigned char fc[]={0x05,0x83,0x48,0x22,0};
|        float fa=1.23456789e-35;
| 
|        if (sizeof(double)!=8) return 1;
| 
|        ca=(unsigned char*)&da;
|        if (compare(dc,ca)) return 1;
| 
|        if (sizeof(float)!=4) return 1;
| 
|        ca=(unsigned char*)&fa;
|        if (compare(fc,ca)) return 1;
| 
|        return 0;
|      }
| 
| 
configure:4964: result: no
configure:4979: checking if double and float are ieee little endian
configure:5035: gcc -o conftest -O2 -w   conftest.c  >&5
configure:5039: $? = 0
configure:5045: ./conftest
configure:5049: $? = 0
configure:5069: result: yes
configure:5103: checking if Big Endian
configure:5139: gcc -o conftest -O2 -w   conftest.c  >&5
configure:5143: $? = 0
configure:5149: ./conftest
configure:5153: $? = 0
configure:5170: result: no
configure:5185: checking if inline in C
configure:5215: gcc -c -O2 -w  conftest.c >&5
configure:5222: $? = 0
configure:5241: result: yes
configure:5253: checking if bus error on unaligned pointers
configure:5287: gcc -o conftest -O2 -w   conftest.c  >&5
configure:5291: $? = 0
configure:5297: ./conftest
configure:5301: $? = 0
configure:5318: result: no
configure:5332: checking for posix_memalign
configure:5388: gcc -o conftest -O2 -w   conftest.c  >&5
configure:5395: $? = 0
configure:5412: result: yes
configure:5483: checking for _LARGEFILE_SOURCE value needed for large files
configure:5512: gcc -o conftest -O2 -w   conftest.c  >&5
configure:5519: $? = 0
configure:5586: result: no
configure:5623: checking for special C compiler options needed for large files
configure:5718: result: no
configure:5724: checking for _FILE_OFFSET_BITS value needed for large files
configure:5759: gcc -c -O2 -w  conftest.c >&5
configure:5766: $? = 0
configure:5835: result: no
configure:5979: checking build system type
configure:5997: result: x86_64-unknown-linux-gnu
configure:6019: checking host system type
configure:6034: result: x86_64-unknown-linux-gnu
configure:7591: checking for rm
configure:7607: found /bin/rm
configure:7618: result: rm
configure:7669: checking for ar
configure:7685: found /usr/bin/ar
configure:7696: result: ar
configure:7724: checking whether gcc supports -pedantic -Wall
configure:7752: gcc -c -pedantic -Wall  conftest.c >&5
configure:7759: $? = 0
configure:7775: result: yes
configure:7798: checking for pow in -lm
configure:7833: gcc -o conftest -O2 -w   conftest.c -lm   >&5
configure:7840: $? = 0
configure:7858: result: yes
configure:7878: checking for dirent.h that defines DIR
configure:7907: gcc -c -O2 -w  conftest.c >&5
configure:7914: $? = 0
configure:7931: result: yes
configure:7945: checking for library containing opendir
configure:7986: gcc -o conftest -O2 -w   conftest.c -lm  >&5
configure:7993: $? = 0
configure:8021: result: none required
configure:8116: checking for ANSI C header files
configure:8146: gcc -c -O2 -w  conftest.c >&5
configure:8153: $? = 0
configure:8283: result: no
configure:8319: checking stddef.h usability
configure:8336: gcc -c -O2 -w  conftest.c >&5
configure:8343: $? = 0
configure:8357: result: yes
configure:8361: checking stddef.h presence
configure:8376: gcc -E  conftest.c
configure:8383: $? = 0
configure:8397: result: yes
configure:8430: checking for stddef.h
configure:8439: result: yes
configure:8319: checking stdlib.h usability
configure:8336: gcc -c -O2 -w  conftest.c >&5
configure:8343: $? = 0
configure:8357: result: yes
configure:8361: checking stdlib.h presence
configure:8376: gcc -E  conftest.c
configure:8383: $? = 0
configure:8397: result: yes
configure:8430: checking for stdlib.h
configure:8439: result: yes
configure:8319: checking string.h usability
configure:8336: gcc -c -O2 -w  conftest.c >&5
configure:8343: $? = 0
configure:8357: result: yes
configure:8361: checking string.h presence
configure:8376: gcc -E  conftest.c
configure:8383: $? = 0
configure:8397: result: yes
configure:8430: checking for string.h
configure:8439: result: yes
configure:8319: checking sys/param.h usability
configure:8336: gcc -c -O2 -w  conftest.c >&5
configure:8343: $? = 0
configure:8357: result: yes
configure:8361: checking sys/param.h presence
configure:8376: gcc -E  conftest.c
configure:8383: $? = 0
configure:8397: result: yes
configure:8430: checking for sys/param.h
configure:8439: result: yes
configure:8319: checking sys/time.h usability
configure:8336: gcc -c -O2 -w  conftest.c >&5
configure:8343: $? = 0
configure:8357: result: yes
configure:8361: checking sys/time.h presence
configure:8376: gcc -E  conftest.c
configure:8383: $? = 0
configure:8397: result: yes
configure:8430: checking for sys/time.h
configure:8439: result: yes
configure:8319: checking unistd.h usability
configure:8336: gcc -c -O2 -w  conftest.c >&5
configure:8343: $? = 0
configure:8357: result: yes
configure:8361: checking unistd.h presence
configure:8376: gcc -E  conftest.c
configure:8383: $? = 0
configure:8397: result: yes
configure:8430: checking for unistd.h
configure:8439: result: yes
configure:8319: checking math.h usability
configure:8336: gcc -c -O2 -w  conftest.c >&5
configure:8343: $? = 0
configure:8357: result: yes
configure:8361: checking math.h presence
configure:8376: gcc -E  conftest.c
configure:8383: $? = 0
configure:8397: result: yes
configure:8430: checking for math.h
configure:8439: result: yes
configure:8319: checking stdarg.h usability
configure:8336: gcc -c -O2 -w  conftest.c >&5
configure:8343: $? = 0
configure:8357: result: yes
configure:8361: checking stdarg.h presence
configure:8376: gcc -E  conftest.c
configure:8383: $? = 0
configure:8397: result: yes
configure:8430: checking for stdarg.h
configure:8439: result: yes
configure:8319: checking assert.h usability
configure:8336: gcc -c -O2 -w  conftest.c >&5
configure:8343: $? = 0
configure:8357: result: yes
configure:8361: checking assert.h presence
configure:8376: gcc -E  conftest.c
configure:8383: $? = 0
configure:8397: result: yes
configure:8430: checking for assert.h
configure:8439: result: yes
configure:8319: checking ctype.h usability
configure:8336: gcc -c -O2 -w  conftest.c >&5
configure:8343: $? = 0
configure:8357: result: yes
configure:8361: checking ctype.h presence
configure:8376: gcc -E  conftest.c
configure:8383: $? = 0
configure:8397: result: yes
configure:8430: checking for ctype.h
configure:8439: result: yes
configure:8319: checking fcntl.h usability
configure:8336: gcc -c -O2 -w  conftest.c >&5
configure:8343: $? = 0
configure:8357: result: yes
configure:8361: checking fcntl.h presence
configure:8376: gcc -E  conftest.c
configure:8383: $? = 0
configure:8397: result: yes
configure:8430: checking for fcntl.h
configure:8439: result: yes
configure:8455: checking for an ANSI C-conforming const
configure:8530: gcc -c -O2 -w  conftest.c >&5
configure:8537: $? = 0
configure:8552: result: yes
configure:8562: checking for size_t
configure:8592: gcc -c -O2 -w  conftest.c >&5
configure:8599: $? = 0
configure:8614: result: yes
configure:8626: checking whether time.h and sys/time.h may both be included
configure:8656: gcc -c -O2 -w  conftest.c >&5
configure:8663: $? = 0
configure:8678: result: yes
configure:8689: checking whether closedir returns void
configure:8723: gcc -o conftest -O2 -w   conftest.c -lm  >&5
configure:8727: $? = 0
configure:8733: ./conftest
configure:8737: $? = 0
configure:8753: result: no
configure:8763: checking return type of signal handlers
configure:8791: gcc -c -O2 -w  conftest.c >&5
conftest.c: In function 'main':
conftest.c:48:1: error: void value not ignored as it ought to be
 return *(signal (0, 0)) (0) == 1;
 ^
configure:8798: $? = 1
configure: failed program was:
| /* confdefs.h.  */
| #define PACKAGE_NAME "src/grib_api.h"
| #define PACKAGE_TARNAME "src-grib_api-h"
| #define PACKAGE_VERSION " "
| #define PACKAGE_STRING "src/grib_api.h  "
| #define PACKAGE_BUGREPORT "Software.Services@ecmwf.int"
| #define GRIB_API_MAIN_VERSION 1.9.9
| #define GRIB_API_MAJOR_VERSION 1
| #define GRIB_API_MINOR_VERSION 9
| #define GRIB_API_REVISION_VERSION 9
| #define GRIB_PTHREADS 0
| #define GRIB_LINUX_PTHREADS 0
| #define IEEE_BE 0
| #define IEEE_LE 1
| #define IS_BIG_ENDIAN 0
| #define GRIB_INLINE inline
| #define GRIB_MEM_ALIGN 0
| #define POSIX_MEMALIGN 1
| #define VECTOR 0
| #define MANAGE_MEM 0
| #define HAVE_FSEEKO 1
| #define GRIB_TEMPLATES_PATH "/home/mengbinzhu/pfldp/ropp-7.0/gfortran/share/samples"
| #define GRIB_SAMPLES_PATH "/home/mengbinzhu/pfldp/ropp-7.0/gfortran/share/samples"
| #define GRIB_DEFINITION_PATH "/home/mengbinzhu/pfldp/ropp-7.0/gfortran/share/definitions"
| #define GRIB_TIMER 0
| #define OMP_PACKING 0
| #define HAVE_LIBM 1
| #define HAVE_DIRENT_H 1
| #define HAVE_STDDEF_H 1
| #define HAVE_STDLIB_H 1
| #define HAVE_STRING_H 1
| #define HAVE_SYS_PARAM_H 1
| #define HAVE_SYS_TIME_H 1
| #define HAVE_UNISTD_H 1
| #define HAVE_MATH_H 1
| #define HAVE_STDARG_H 1
| #define HAVE_ASSERT_H 1
| #define HAVE_CTYPE_H 1
| #define HAVE_FCNTL_H 1
| #define TIME_WITH_SYS_TIME 1
| /* end confdefs.h.  */
| #include <sys/types.h>
| #include <signal.h>
| 
| int
| main ()
| {
| return *(signal (0, 0)) (0) == 1;
|   ;
|   return 0;
| }
configure:8813: result: void
configure:8825: checking for vprintf
configure:8881: gcc -o conftest -O2 -w   conftest.c -lm  >&5
configure:8888: $? = 0
configure:8907: result: yes
configure:8915: checking for _doprnt
configure:8971: gcc -o conftest -O2 -w   conftest.c -lm  >&5
/tmp/ccvErg6c.o: In function `main':
conftest.c:(.text.startup+0x7): undefined reference to `_doprnt'
collect2: error: ld returned 1 exit status
configure:8978: $? = 1
configure: failed program was:
| /* confdefs.h.  */
| #define PACKAGE_NAME "src/grib_api.h"
| #define PACKAGE_TARNAME "src-grib_api-h"
| #define PACKAGE_VERSION " "
| #define PACKAGE_STRING "src/grib_api.h  "
| #define PACKAGE_BUGREPORT "Software.Services@ecmwf.int"
| #define GRIB_API_MAIN_VERSION 1.9.9
| #define GRIB_API_MAJOR_VERSION 1
| #define GRIB_API_MINOR_VERSION 9
| #define GRIB_API_REVISION_VERSION 9
| #define GRIB_PTHREADS 0
| #define GRIB_LINUX_PTHREADS 0
| #define IEEE_BE 0
| #define IEEE_LE 1
| #define IS_BIG_ENDIAN 0
| #define GRIB_INLINE inline
| #define GRIB_MEM_ALIGN 0
| #define POSIX_MEMALIGN 1
| #define VECTOR 0
| #define MANAGE_MEM 0
| #define HAVE_FSEEKO 1
| #define GRIB_TEMPLATES_PATH "/home/mengbinzhu/pfldp/ropp-7.0/gfortran/share/samples"
| #define GRIB_SAMPLES_PATH "/home/mengbinzhu/pfldp/ropp-7.0/gfortran/share/samples"
| #define GRIB_DEFINITION_PATH "/home/mengbinzhu/pfldp/ropp-7.0/gfortran/share/definitions"
| #define GRIB_TIMER 0
| #define OMP_PACKING 0
| #define HAVE_LIBM 1
| #define HAVE_DIRENT_H 1
| #define HAVE_STDDEF_H 1
| #define HAVE_STDLIB_H 1
| #define HAVE_STRING_H 1
| #define HAVE_SYS_PARAM_H 1
| #define HAVE_SYS_TIME_H 1
| #define HAVE_UNISTD_H 1
| #define HAVE_MATH_H 1
| #define HAVE_STDARG_H 1
| #define HAVE_ASSERT_H 1
| #define HAVE_CTYPE_H 1
| #define HAVE_FCNTL_H 1
| #define TIME_WITH_SYS_TIME 1
| #define RETSIGTYPE void
| #define HAVE_VPRINTF 1
| /* end confdefs.h.  */
| /* Define _doprnt to an innocuous variant, in case <limits.h> declares _doprnt.
|    For example, HP-UX 11i <limits.h> declares gettimeofday.  */
| #define _doprnt innocuous__doprnt
| 
| /* System header to define __stub macros and hopefully few prototypes,
|     which can conflict with char _doprnt (); below.
|     Prefer <limits.h> to <assert.h> if __STDC__ is defined, since
|     <limits.h> exists even on freestanding compilers.  */
| 
| #ifdef __STDC__
| # include <limits.h>
| #else
| # include <assert.h>
| #endif
| 
| #undef _doprnt
| 
| /* Override any GCC internal prototype to avoid an error.
|    Use char because int might match the return type of a GCC
|    builtin and then its argument prototype would still apply.  */
| #ifdef __cplusplus
| extern "C"
| #endif
| char _doprnt ();
| /* The GNU C library defines this for functions which it implements
|     to always fail with ENOSYS.  Some functions are actually named
|     something starting with __ and the normal name is an alias.  */
| #if defined __stub__doprnt || defined __stub____doprnt
| choke me
| #endif
| 
| int
| main ()
| {
| return _doprnt ();
|   ;
|   return 0;
| }
configure:8995: result: no
configure:9014: checking for bzero
configure:9070: gcc -o conftest -O2 -w   conftest.c -lm  >&5
configure:9077: $? = 0
configure:9096: result: yes
configure:9014: checking for gettimeofday
configure:9070: gcc -o conftest -O2 -w   conftest.c -lm  >&5
configure:9077: $? = 0
configure:9096: result: yes
configure:9246: creating ./config.status

## ---------------------- ##
## Running config.status. ##
## ---------------------- ##

This file was extended by src/grib_api.h config.status  , which was
generated by GNU Autoconf 2.61a.  Invocation command line was

  CONFIG_FILES    = 
  CONFIG_HEADERS  = 
  CONFIG_LINKS    = 
  CONFIG_COMMANDS = 
  $ ./config.status 

on ubuntu

config.status:772: creating Makefile
config.status:772: creating src/Makefile
config.status:772: creating fortran/Makefile
config.status:772: creating tools/Makefile
config.status:772: creating definitions/Makefile
config.status:772: creating samples/Makefile
config.status:772: creating ifs_samples/grib1/Makefile
config.status:772: creating ifs_samples/grib1_mlgrib2/Makefile
config.status:772: creating ifs_samples/grib1_mlgrib2_ieee64/Makefile
config.status:772: creating tests/Makefile
config.status:772: creating examples/C/Makefile
config.status:772: creating examples/F90/Makefile
config.status:772: creating tigge/Makefile
config.status:772: creating perl/GRIB-API/Makefile.PL
config.status:772: creating perl/Makefile
config.status:772: creating python/Makefile
config.status:772: creating examples/python/Makefile
config.status:772: creating src/config.h
config.status:1070: executing depfiles commands
configure:10485:

  Configuration completed.

    You can now say 'make' to compile the grib_api package, 'make check' to
	  test it  and 'make install' to install it afterwards.
	  

## ---------------- ##
## Cache variables. ##
## ---------------- ##

ac_cv_build=x86_64-unknown-linux-gnu
ac_cv_c_compiler_gnu=yes
ac_cv_c_const=yes
ac_cv_env_CC_set=set
ac_cv_env_CC_value=gcc
ac_cv_env_CFLAGS_set=set
ac_cv_env_CFLAGS_value='-O2 -w'
ac_cv_env_CPPFLAGS_set=
ac_cv_env_CPPFLAGS_value=
ac_cv_env_CPP_set=
ac_cv_env_CPP_value=
ac_cv_env_F77_set=set
ac_cv_env_F77_value=gfortran
ac_cv_env_FCFLAGS_set=set
ac_cv_env_FCFLAGS_value='-O2 -w'
ac_cv_env_FC_set=set
ac_cv_env_FC_value=gfortran
ac_cv_env_FFLAGS_set=set
ac_cv_env_FFLAGS_value='-O2 -w'
ac_cv_env_LDFLAGS_set=set
ac_cv_env_LDFLAGS_value=
ac_cv_env_LIBS_set=
ac_cv_env_LIBS_value=
ac_cv_env_YACC_set=
ac_cv_env_YACC_value=
ac_cv_env_YFLAGS_set=
ac_cv_env_YFLAGS_value=
ac_cv_env_build_alias_set=
ac_cv_env_build_alias_value=
ac_cv_env_host_alias_set=
ac_cv_env_host_alias_value=
ac_cv_env_target_alias_set=
ac_cv_env_target_alias_value=
ac_cv_f77_compiler_gnu=yes
ac_cv_fc_compiler_gnu=yes
ac_cv_func__doprnt=no
ac_cv_func_bzero=yes
ac_cv_func_closedir_void=no
ac_cv_func_gettimeofday=yes
ac_cv_func_posix_memalign=yes
ac_cv_func_vprintf=yes
ac_cv_header_assert_h=yes
ac_cv_header_ctype_h=yes
ac_cv_header_dirent_dirent_h=yes
ac_cv_header_fcntl_h=yes
ac_cv_header_math_h=yes
ac_cv_header_stdarg_h=yes
ac_cv_header_stdc=no
ac_cv_header_stddef_h=yes
ac_cv_header_stdlib_h=yes
ac_cv_header_string_h=yes
ac_cv_header_sys_param_h=yes
ac_cv_header_sys_time_h=yes
ac_cv_header_time=yes
ac_cv_header_unistd_h=yes
ac_cv_host=x86_64-unknown-linux-gnu
ac_cv_lib_m_pow=yes
ac_cv_objext=o
ac_cv_path_install='/usr/bin/install -c'
ac_cv_path_mkdir=/bin/mkdir
ac_cv_prog_AWK=mawk
ac_cv_prog_CPP='gcc -E'
ac_cv_prog_RM=rm
ac_cv_prog_ac_ct_AR=ar
ac_cv_prog_ac_ct_RANLIB=ranlib
ac_cv_prog_cc_c89=
ac_cv_prog_cc_g=yes
ac_cv_prog_f77_g=yes
ac_cv_prog_f90_uppercase_mod=no
ac_cv_prog_fc_g=yes
ac_cv_prog_make_make_set=yes
ac_cv_search_opendir='none required'
ac_cv_sys_file_offset_bits=no
ac_cv_sys_largefile_CC=no
ac_cv_sys_largefile_source=no
ac_cv_type_signal=void
ac_cv_type_size_t=yes
am_cv_CC_dependencies_compiler_type=gcc3
grib_api_cv_prog_cc_pedantic__Wall=yes

## ----------------- ##
## Output variables. ##
## ----------------- ##

ACLOCAL='${SHELL} /home/mengbinzhu/pfldp/ropp-7.0/grib_api-1.9.9/config/missing --run aclocal-1.10'
AMDEPBACKSLASH='\'
AMDEP_FALSE='#'
AMDEP_TRUE=''
AMTAR='${SHELL} /home/mengbinzhu/pfldp/ropp-7.0/grib_api-1.9.9/config/missing --run tar'
AR='ar'
AUTOCONF='${SHELL} /home/mengbinzhu/pfldp/ropp-7.0/grib_api-1.9.9/config/missing --run autoconf'
AUTOHEADER='${SHELL} /home/mengbinzhu/pfldp/ropp-7.0/grib_api-1.9.9/config/missing --run autoheader'
AUTOMAKE='${SHELL} /home/mengbinzhu/pfldp/ropp-7.0/grib_api-1.9.9/config/missing --run automake-1.10'
AWK='mawk'
CC='gcc'
CCDEPMODE='depmode=gcc3'
CFLAGS='-O2 -w'
CPP='gcc -E'
CPPFLAGS=''
CYGPATH_W='echo'
DEFS='-DHAVE_CONFIG_H'
DEPDIR='.deps'
DEVEL_RULES='dummy.am'
ECHO_C=''
ECHO_N='-n'
ECHO_T=''
EGREP=''
EMOS_LIB=''
EXEEXT=''
F77='gfortran'
F90_CHECK='examples/F90'
F90_MODULE_FLAG='-I '
FC='gfortran'
FCFLAGS='-O2 -w'
FFLAGS='-O2 -w'
FORTRAN_MOD='fortran'
GREP=''
GRIB_API_INC='/home/mengbinzhu/pfldp/ropp-7.0/grib_api-1.9.9/src'
GRIB_API_LIB='/home/mengbinzhu/pfldp/ropp-7.0/grib_api-1.9.9/src/grib_api.a'
GRIB_API_MAIN_VERSION='1.9.9'
GRIB_DEFINITION_PATH='/home/mengbinzhu/pfldp/ropp-7.0/gfortran/share/definitions'
GRIB_DEVEL='0'
GRIB_SAMPLES_PATH='/home/mengbinzhu/pfldp/ropp-7.0/gfortran/share/samples'
GRIB_TEMPLATES_PATH='/home/mengbinzhu/pfldp/ropp-7.0/gfortran/share/samples'
IFS_SAMPLES_DIR='/home/mengbinzhu/pfldp/ropp-7.0/gfortran/ifs_samples'
INSTALL_DATA='${INSTALL} -m 644'
INSTALL_PROGRAM='${INSTALL}'
INSTALL_SCRIPT='${INSTALL}'
INSTALL_STRIP_PROGRAM='$(install_sh) -c -s'
JASPER_DIR='system'
JPEG_TEST=''
LDFLAGS=''
LEX=':'
LEXLIB=''
LEX_OUTPUT_ROOT=''
LIBOBJS=''
LIBS='-lm '
LIB_JASPER=''
LIB_OPENJPEG=''
LIB_PNG=''
LN_S='ln -s'
LTLIBOBJS=''
MAKEINFO='${SHELL} /home/mengbinzhu/pfldp/ropp-7.0/grib_api-1.9.9/config/missing --run makeinfo'
OBJEXT='o'
OPENJPEG_DIR='system'
PACKAGE='grib_api'
PACKAGE_BUGREPORT='Software.Services@ecmwf.int'
PACKAGE_NAME='grib_api'
PACKAGE_STRING='src/grib_api.h  '
PACKAGE_TARNAME='src-grib_api-h'
PACKAGE_VERSION='1.9.9'
PATH_SEPARATOR=':'
PERL=''
PERLDIR='perl'
PERL_INSTALL_OPTIONS='LIB=/home/mengbinzhu/pfldp/ropp-7.0/gfortran/perl'
PERL_MAKE_OPTIONS=''
PYTHON=''
PYTHON_CHECK=''
PYTHON_DATA_HANDLER=''
PYTHON_EXEC_PREFIX=''
PYTHON_PLATFORM=''
PYTHON_PREFIX=''
PYTHON_VERSION=''
RANLIB='ranlib'
RM='rm'
SET_MAKE=''
SHELL='/bin/bash'
STRIP=''
UPPER_CASE_MOD_FALSE=''
UPPER_CASE_MOD_TRUE='#'
VERSION='1.9.9'
WARN_PEDANTIC='-pedantic -Wall'
WERROR=''
WITH_PERL_FALSE=''
WITH_PERL_TRUE='#'
WITH_PYTHON_FALSE=''
WITH_PYTHON_TRUE='#'
YACC='yacc'
YFLAGS=''
ac_ct_CC=''
ac_ct_F77=''
ac_ct_FC=''
am__fastdepCC_FALSE='#'
am__fastdepCC_TRUE=''
am__include='include'
am__isrc=''
am__leading_dot='.'
am__quote=''
am__tar='${AMTAR} chof - "$$tardir"'
am__untar='${AMTAR} xf -'
bindir='${exec_prefix}/bin'
build='x86_64-unknown-linux-gnu'
build_alias=''
build_cpu='x86_64'
build_os='linux-gnu'
build_vendor='unknown'
datadir='${datarootdir}'
datarootdir='${prefix}/share'
docdir='${datarootdir}/doc/${PACKAGE_TARNAME}'
dvidir='${docdir}'
exec_prefix='${prefix}'
host='x86_64-unknown-linux-gnu'
host_alias=''
host_cpu='x86_64'
host_os='linux-gnu'
host_vendor='unknown'
htmldir='${docdir}'
includedir='${prefix}/include'
infodir='${datarootdir}/info'
install_sh='$(SHELL) /home/mengbinzhu/pfldp/ropp-7.0/grib_api-1.9.9/config/install-sh'
libdir='${exec_prefix}/lib'
libexecdir='${exec_prefix}/libexec'
localedir='${datarootdir}/locale'
localstatedir='${prefix}/var'
mandir='${datarootdir}/man'
mkdir_p='/bin/mkdir -p'
oldincludedir='/usr/include'
pdfdir='${docdir}'
pkgpyexecdir=''
pkgpythondir=''
prefix='/home/mengbinzhu/pfldp/ropp-7.0/gfortran'
program_transform_name='s,x,x,'
psdir='${docdir}'
pyexecdir=''
pythondir=''
sbindir='${exec_prefix}/sbin'
sharedstatedir='${prefix}/com'
sysconfdir='${prefix}/etc'
target_alias=''

## ----------- ##
## confdefs.h. ##
## ----------- ##

#define PACKAGE_NAME "src/grib_api.h"
#define PACKAGE_TARNAME "src-grib_api-h"
#define PACKAGE_VERSION " "
#define PACKAGE_STRING "src/grib_api.h  "
#define PACKAGE_BUGREPORT "Software.Services@ecmwf.int"
#define GRIB_API_MAIN_VERSION 1.9.9
#define GRIB_API_MAJOR_VERSION 1
#define GRIB_API_MINOR_VERSION 9
#define GRIB_API_REVISION_VERSION 9
#define GRIB_PTHREADS 0
#define GRIB_LINUX_PTHREADS 0
#define IEEE_BE 0
#define IEEE_LE 1
#define IS_BIG_ENDIAN 0
#define GRIB_INLINE inline
#define GRIB_MEM_ALIGN 0
#define POSIX_MEMALIGN 1
#define VECTOR 0
#define MANAGE_MEM 0
#define HAVE_FSEEKO 1
#define GRIB_TEMPLATES_PATH "/home/mengbinzhu/pfldp/ropp-7.0/gfortran/share/samples"
#define GRIB_SAMPLES_PATH "/home/mengbinzhu/pfldp/ropp-7.0/gfortran/share/samples"
#define GRIB_DEFINITION_PATH "/home/mengbinzhu/pfldp/ropp-7.0/gfortran/share/definitions"
#define GRIB_TIMER 0
#define OMP_PACKING 0
#define HAVE_LIBM 1
#define HAVE_DIRENT_H 1
#define HAVE_STDDEF_H 1
#define HAVE_STDLIB_H 1
#define HAVE_STRING_H 1
#define HAVE_SYS_PARAM_H 1
#define HAVE_SYS_TIME_H 1
#define HAVE_UNISTD_H 1
#define HAVE_MATH_H 1
#define HAVE_STDARG_H 1
#define HAVE_ASSERT_H 1
#define HAVE_CTYPE_H 1
#define HAVE_FCNTL_H 1
#define TIME_WITH_SYS_TIME 1
#define RETSIGTYPE void
#define HAVE_VPRINTF 1
#define HAVE_BZERO 1
#define HAVE_GETTIMEOFDAY 1

configure: exit 0
